state,frequency,pct
00000000000000000000000001010011,1377,0.01377
00000011111000001011000001010011,1,1.0E-5
00000011111000001101000001010011,1,1.0E-5
00000011111000001111000001010011,1,1.0E-5
00000011111000001111100001010011,1395,0.01395
00000011111000010000100001010011,1,1.0E-5
00000011111000010111000001010011,1,1.0E-5
00000111110000001111100001010011,1,1.0E-5
00000111110000011101000001010011,2,2.0E-5
00000111110000011110000001010011,2,2.0E-5
00000111110000011110100001010011,2,2.0E-5
00000111110000011111000001010011,1366,0.01366
00000111110000011111100001010011,7,7.0E-5
00000111110000100001000001010011,2,2.0E-5
00000111110000100001100001010011,1,1.0E-5
00001011101000011010000001010011,1,1.0E-5
00001011101000101100100001010011,2,2.0E-5
00001011101000101101100001010011,2,2.0E-5
00001011101000101110000001010011,9,9.0E-5
00001011101000101110100001010011,1347,0.01347
00001011101000101111000001010011,17,1.7E-4
00001011101000101111100001010011,1,1.0E-5
00001011101000110000000001010011,4,4.0E-5
00001011101000110010100001010011,1,1.0E-5
00001111100000110111100001010011,1,1.0E-5
00001111100000111001100001010011,1,1.0E-5
00001111100000111010000001010011,1,1.0E-5
00001111100000111011000001010011,1,1.0E-5
00001111100000111100000001010011,2,2.0E-5
00001111100000111100100001010011,5,5.0E-5
00001111100000111101000001010011,4,4.0E-5
00001111100000111101100001010011,15,1.5E-4
00001111100000111110000001010011,1400,0.014
00001111100000111110100001010011,33,3.3E-4
00001111100000111111000001010011,7,7.0E-5
00001111100000111111100001010011,2,2.0E-5
00001111100001000000000001010011,2,2.0E-5
00001111100001000001000001010011,1,1.0E-5
00001111100001000010000001010011,1,1.0E-5
00001111100001000011000001010011,2,2.0E-5
00001111100001000011100001010011,1,1.0E-5
00010011010101101111000001010011,1,1.0E-5
00010011011001000010100001010011,1,1.0E-5
00010011011001001011000001010011,1,1.0E-5
00010011011001001011100001010011,4,4.0E-5
00010011011001001100100001010011,10,1.0E-4
00010011011001001101000001010011,27,2.7E-4
00010011011001001101100001010011,1291,0.01291
00010011011001001110000001010011,44,4.4E-4
00010011011001001110100001010011,15,1.5E-4
00010011011001001111000001010011,1,1.0E-5
00010011011001001111100001010011,2,2.0E-5
00010011011001010001000001010011,1,1.0E-5
00010011011001010010100001010011,1,1.0E-5
00010011011001010100100001010011,1,1.0E-5
00010011011010001110100001010011,1,1.0E-5
00010111010001000011000001010011,1,1.0E-5
00010111010001001011000001010011,1,1.0E-5
00010111010001001100100001010011,1,1.0E-5
00010111010001001111100001010011,1,1.0E-5
00010111010001011000000001010011,1,1.0E-5
00010111010001011000100001010011,1,1.0E-5
00010111010001011001000001010011,2,2.0E-5
00010111010001011001100001010011,4,4.0E-5
00010111010001011010000001010011,4,4.0E-5
00010111010001011010100001010011,1,1.0E-5
00010111010001011011000001010011,3,3.0E-5
00010111010001011011100001010011,3,3.0E-5
00010111010001011100000001010011,7,7.0E-5
00010111010001011100100001010011,27,2.7E-4
00010111010001011101000001010011,1265,0.01265
00010111010001011101100001010011,64,6.4E-4
00010111010001011110000001010011,8,8.0E-5
00010111010001011110100001010011,4,4.0E-5
00010111010001011111000001010011,4,4.0E-5
00010111010001011111100001010011,3,3.0E-5
00010111010001100000100001010011,2,2.0E-5
00010111010001100010100001010011,1,1.0E-5
00010111010001100011100001010011,1,1.0E-5
00010111010001101101100001010011,1,1.0E-5
00011011001001100010000001010011,1,1.0E-5
00011011001001100011100001010011,1,1.0E-5
00011011001001100101000001010011,1,1.0E-5
00011011001001100111100001010011,1,1.0E-5
00011011001001101001100001010011,2,2.0E-5
00011011001001101010000001010011,2,2.0E-5
00011011001001101010100001010011,5,5.0E-5
00011011001001101011000001010011,5,5.0E-5
00011011001001101011100001010011,13,1.3E-4
00011011001001101100000001010011,33,3.3E-4
00011011001001101100100001010011,1254,0.01254
00011011001001101101000001010011,86,8.6E-4
00011011001001101101100001010011,21,2.1E-4
00011011001001101110000001010011,6,6.0E-5
00011011001001101110100001010011,4,4.0E-5
00011011001001101111000001010011,3,3.0E-5
00011011001001101111100001010011,2,2.0E-5
00011011001001110000000001010011,1,1.0E-5
00011011001001110000100001010011,1,1.0E-5
00011011001001110010100001010011,1,1.0E-5
00011011001001110011100001010011,1,1.0E-5
00011011001001110100000001010011,1,1.0E-5
00011011001001110110000001010011,1,1.0E-5
00011011001001111000100001010011,1,1.0E-5
00011011001010000011100001010011,1,1.0E-5
00011111000001011010000001010011,1,1.0E-5
00011111000001101100100001010011,1,1.0E-5
00011111000001110000100001010011,1,1.0E-5
00011111000001110001100001010011,1,1.0E-5
00011111000001110010100001010011,1,1.0E-5
00011111000001110110100001010011,1,1.0E-5
00011111000001111000100001010011,2,2.0E-5
00011111000001111001000001010011,2,2.0E-5
00011111000001111001100001010011,2,2.0E-5
00011111000001111010000001010011,2,2.0E-5
00011111000001111010100001010011,3,3.0E-5
00011111000001111011000001010011,7,7.0E-5
00011111000001111011100001010011,42,4.2E-4
00011111000001111100000001010011,1139,0.01139
00011111000001111100100001010011,132,0.00132
00011111000001111101000001010011,23,2.3E-4
00011111000001111101100001010011,9,9.0E-5
00011111000001111110000001010011,4,4.0E-5
00011111000001111111000001010011,2,2.0E-5
00011111000001111111100001010011,2,2.0E-5
00011111000010000000000001010011,2,2.0E-5
00011111000010000001100001010011,1,1.0E-5
00011111000010000010000001010011,1,1.0E-5
00011111000010000111100001010011,1,1.0E-5
00011111000010001001000001010011,1,1.0E-5
00011111000010010101000001010011,1,1.0E-5
00100010111001000011100001010011,1,1.0E-5
00100010111001110010000001010011,1,1.0E-5
00100010111001111000000001010011,1,1.0E-5
00100010111001111111000001010011,1,1.0E-5
00100010111010000000000001010011,1,1.0E-5
00100010111010000100000001010011,1,1.0E-5
00100010111010000101000001010011,1,1.0E-5
00100010111010000101100001010011,2,2.0E-5
00100010111010000110000001010011,1,1.0E-5
00100010111010000110100001010011,1,1.0E-5
00100010111010001000000001010011,2,2.0E-5
00100010111010001001000001010011,6,6.0E-5
00100010111010001001100001010011,3,3.0E-5
00100010111010001010000001010011,12,1.2E-4
00100010111010001010100001010011,20,2.0E-4
00100010111010001011000001010011,48,4.8E-4
00100010111010001011100001010011,1100,0.011
00100010111010001100000001010011,178,0.00178
00100010111010001100100001010011,31,3.1E-4
00100010111010001101000001010011,18,1.8E-4
00100010111010001101100001010011,5,5.0E-5
00100010111010001110000001010011,6,6.0E-5
00100010111010001110100001010011,1,1.0E-5
00100010111010001111000001010011,1,1.0E-5
00100010111010001111100001010011,2,2.0E-5
00100010111010010001000001010011,1,1.0E-5
00100010111010010010100001010011,1,1.0E-5
00100010111010010011000001010011,1,1.0E-5
00100010111010011010000001010011,1,1.0E-5
00100010111010011111000001010011,1,1.0E-5
00100101100010110110100001010011,3408,0.03408
00100110110001110000100001010011,1,1.0E-5
00100110110010000010100001010011,1,1.0E-5
00100110110010000100100001010011,1,1.0E-5
00100110110010000101000001010011,1,1.0E-5
00100110110010000111100001010011,1,1.0E-5
00100110110010001111000001010011,1,1.0E-5
00100110110010010011000001010011,2,2.0E-5
00100110110010010100000001010011,1,1.0E-5
00100110110010010101100001010011,1,1.0E-5
00100110110010010110100001010011,2,2.0E-5
00100110110010010111100001010011,2,2.0E-5
00100110110010011000000001010011,2,2.0E-5
00100110110010011000100001010011,3,3.0E-5
00100110110010011001000001010011,4,4.0E-5
00100110110010011001100001010011,14,1.4E-4
00100110110010011010000001010011,17,1.7E-4
00100110110010011010100001010011,43,4.3E-4
00100110110010011011000001010011,1022,0.01022
00100110110010011011100001010011,209,0.00209
00100110110010011100000001010011,17,1.7E-4
00100110110010011100100001010011,9,9.0E-5
00100110110010011101000001010011,7,7.0E-5
00100110110010011101100001010011,5,5.0E-5
00100110110010011110000001010011,5,5.0E-5
00100110110010100000000001010011,3,3.0E-5
00100110110010100000100001010011,2,2.0E-5
00100110110010100001000001010011,1,1.0E-5
00100110110010100011000001010011,1,1.0E-5
00100110110010100100100001010011,1,1.0E-5
00100110110010101001000001010011,1,1.0E-5
00100110110011010111100001010011,1,1.0E-5
00101010101001010100100001010011,1,1.0E-5
00101010101001111110000001010011,1,1.0E-5
00101010101010000101100001010011,1,1.0E-5
00101010101010010100100001010011,1,1.0E-5
00101010101010100000100001010011,1,1.0E-5
00101010101010100010000001010011,1,1.0E-5
00101010101010100010100001010011,1,1.0E-5
00101010101010100100000001010011,1,1.0E-5
00101010101010100101000001010011,1,1.0E-5
00101010101010100110100001010011,2,2.0E-5
00101010101010100111000001010011,2,2.0E-5
00101010101010100111100001010011,1,1.0E-5
00101010101010101000000001010011,2,2.0E-5
00101010101010101000100001010011,4,4.0E-5
00101010101010101001000001010011,10,1.0E-4
00101010101010101001100001010011,19,1.9E-4
00101010101010101010000001010011,63,6.3E-4
00101010101010101010100001010011,940,0.0094
00101010101010101011000001010011,261,0.00261
00101010101010101011100001010011,37,3.7E-4
00101010101010101100000001010011,14,1.4E-4
00101010101010101100100001010011,5,5.0E-5
00101010101010101101000001010011,7,7.0E-5
00101010101010101101100001010011,3,3.0E-5
00101010101010101110000001010011,2,2.0E-5
00101010101010101110100001010011,1,1.0E-5
00101010101010110010100001010011,1,1.0E-5
00101010101010110011000001010011,1,1.0E-5
00101010101010110011100001010011,1,1.0E-5
00101010101010110100100001010011,1,1.0E-5
00101010101010110101100001010011,1,1.0E-5
00101010101010111100000001010011,1,1.0E-5
00101010101011001110000001010011,1,1.0E-5
00101010101011110010100001010011,1,1.0E-5
00101010101011111111000001010011,1,1.0E-5
00101010101100001101100001010011,1,1.0E-5
00101110100001111010100001010011,1,1.0E-5
00101110100010100110000001010011,1,1.0E-5
00101110100010101110100001010011,1,1.0E-5
00101110100010110000000001010011,1,1.0E-5
00101110100010110010100001010011,3,3.0E-5
00101110100010110011000001010011,1,1.0E-5
00101110100010110100100001010011,1,1.0E-5
00101110100010110101100001010011,1,1.0E-5
00101110100010110110000001010011,1,1.0E-5
00101110100010110110100001010011,1,1.0E-5
00101110100010110111000001010011,4,4.0E-5
00101110100010110111100001010011,1,1.0E-5
00101110100010111000000001010011,13,1.3E-4
00101110100010111000100001010011,8,8.0E-5
00101110100010111001000001010011,16,1.6E-4
00101110100010111001100001010011,65,6.5E-4
00101110100010111010000001010011,860,0.0086
00101110100010111010100001010011,282,0.00282
00101110100010111011000001010011,42,4.2E-4
00101110100010111011100001010011,19,1.9E-4
00101110100010111100000001010011,11,1.1E-4
00101110100010111100100001010011,7,7.0E-5
00101110100010111101000001010011,2,2.0E-5
00101110100010111101100001010011,1,1.0E-5
00101110100010111110000001010011,3,3.0E-5
00101110100010111110100001010011,3,3.0E-5
00101110100010111111000001010011,2,2.0E-5
00101110100010111111100001010011,1,1.0E-5
00101110100011000000000001010011,1,1.0E-5
00101110100011000001000001010011,1,1.0E-5
00101110100011000010100001010011,1,1.0E-5
00101110100011000011000001010011,1,1.0E-5
00101110100011000100100001010011,1,1.0E-5
00101110100011000111000001010011,1,1.0E-5
00101110100011001001000001010011,1,1.0E-5
00101110100011001100000001010011,1,1.0E-5
00101110100011010000000001010011,1,1.0E-5
00101110100011011001100001010011,1,1.0E-5
00110010011001110111000001010011,1,1.0E-5
00110010011010111000100001010011,1,1.0E-5
00110010011011000000100001010011,1,1.0E-5
00110010011011000001000001010011,1,1.0E-5
00110010011011000010100001010011,2,2.0E-5
00110010011011000011000001010011,2,2.0E-5
00110010011011000011100001010011,2,2.0E-5
00110010011011000100000001010011,1,1.0E-5
00110010011011000101000001010011,1,1.0E-5
00110010011011000101100001010011,2,2.0E-5
00110010011011000110000001010011,4,4.0E-5
00110010011011000110100001010011,3,3.0E-5
00110010011011000111000001010011,5,5.0E-5
00110010011011000111100001010011,7,7.0E-5
00110010011011001000000001010011,13,1.3E-4
00110010011011001000100001010011,24,2.4E-4
00110010011011001001000001010011,57,5.7E-4
00110010011011001001100001010011,856,0.00856
00110010011011001010000001010011,323,0.00323
00110010011011001010100001010011,52,5.2E-4
00110010011011001011000001010011,17,1.7E-4
00110010011011001011100001010011,9,9.0E-5
00110010011011001100000001010011,7,7.0E-5
00110010011011001100100001010011,1,1.0E-5
00110010011011001101000001010011,5,5.0E-5
00110010011011001101100001010011,2,2.0E-5
00110010011011001110000001010011,1,1.0E-5
00110010011011001110100001010011,1,1.0E-5
00110010011011001111000001010011,3,3.0E-5
00110010011011010000100001010011,1,1.0E-5
00110010011011010001000001010011,1,1.0E-5
00110010011011010001100001010011,1,1.0E-5
00110010011011010010100001010011,1,1.0E-5
00110010011011010011100001010011,1,1.0E-5
00110010011011011000000001010011,1,1.0E-5
00110010011011011100000001010011,1,1.0E-5
00110010011011011101100001010011,1,1.0E-5
00110010011011100011100001010011,1,1.0E-5
00110010011011101000000001010011,1,1.0E-5
00110010011011101010100001010011,1,1.0E-5
00110010011011101100100001010011,1,1.0E-5
00110010011011110010100001010011,1,1.0E-5
00110010011100000010100001010011,1,1.0E-5
00110110010001000011100001010011,1,1.0E-5
00110110010001010100000001010011,1,1.0E-5
00110110010010111011000001010011,1,1.0E-5
00110110010010111111100001010011,1,1.0E-5
00110110010011000101000001010011,1,1.0E-5
00110110010011000110100001010011,1,1.0E-5
00110110010011001000100001010011,1,1.0E-5
00110110010011001001000001010011,1,1.0E-5
00110110010011001011000001010011,1,1.0E-5
00110110010011001100000001010011,2,2.0E-5
00110110010011001110100001010011,1,1.0E-5
00110110010011001111000001010011,1,1.0E-5
00110110010011001111100001010011,1,1.0E-5
00110110010011010001100001010011,1,1.0E-5
00110110010011010010000001010011,1,1.0E-5
00110110010011010011000001010011,1,1.0E-5
00110110010011010011100001010011,1,1.0E-5
00110110010011010100000001010011,4,4.0E-5
00110110010011010100100001010011,2,2.0E-5
00110110010011010101000001010011,4,4.0E-5
00110110010011010101100001010011,2,2.0E-5
00110110010011010110000001010011,2,2.0E-5
00110110010011010110100001010011,4,4.0E-5
00110110010011010111000001010011,8,8.0E-5
00110110010011010111100001010011,12,1.2E-4
00110110010011011000000001010011,22,2.2E-4
00110110010011011000100001010011,75,7.5E-4
00110110010011011001000001010011,771,0.00771
00110110010011011001100001010011,419,0.00419
00110110010011011010000001010011,50,5.0E-4
00110110010011011010100001010011,23,2.3E-4
00110110010011011011000001010011,9,9.0E-5
00110110010011011011100001010011,7,7.0E-5
00110110010011011100000001010011,2,2.0E-5
00110110010011011100100001010011,1,1.0E-5
00110110010011011101000001010011,5,5.0E-5
00110110010011011101100001010011,3,3.0E-5
00110110010011011110000001010011,1,1.0E-5
00110110010011011110100001010011,1,1.0E-5
00110110010011011111000001010011,1,1.0E-5
00110110010011011111100001010011,2,2.0E-5
00110110010011100001000001010011,1,1.0E-5
00110110010011100001100001010011,1,1.0E-5
00110110010011100010100001010011,1,1.0E-5
00110110010011100011100001010011,2,2.0E-5
00110110010011101000000001010011,1,1.0E-5
00110110010011101010000001010011,1,1.0E-5
00110110010011101101000001010011,1,1.0E-5
00110110010011101111100001010011,1,1.0E-5
00110110010011111111000001010011,1,1.0E-5
00111000111000000010000001010011,1,1.0E-5
00111010001010011100000001010011,1,1.0E-5
00111010001010100100100001010011,1,1.0E-5
00111010001010100111000001010011,1,1.0E-5
00111010001011010010000001010011,1,1.0E-5
00111010001011011000100001010011,1,1.0E-5
00111010001011011101100001010011,1,1.0E-5
00111010001011011111000001010011,1,1.0E-5
00111010001011011111100001010011,1,1.0E-5
00111010001011100010100001010011,1,1.0E-5
00111010001011100011000001010011,1,1.0E-5
00111010001011100011100001010011,1,1.0E-5
00111010001011100100000001010011,1,1.0E-5
00111010001011100100100001010011,1,1.0E-5
00111010001011100101000001010011,3,3.0E-5
00111010001011100101100001010011,2,2.0E-5
00111010001011100110000001010011,4,4.0E-5
00111010001011100110100001010011,11,1.1E-4
00111010001011100111000001010011,5,5.0E-5
00111010001011100111100001010011,25,2.5E-4
00111010001011101000000001010011,65,6.5E-4
00111010001011101000100001010011,684,0.00684
00111010001011101001000001010011,456,0.00456
00111010001011101001100001010011,63,6.3E-4
00111010001011101010000001010011,16,1.6E-4
00111010001011101010100001010011,11,1.1E-4
00111010001011101011000001010011,9,9.0E-5
00111010001011101011100001010011,3,3.0E-5
00111010001011101100000001010011,3,3.0E-5
00111010001011101100100001010011,1,1.0E-5
00111010001011101101000001010011,1,1.0E-5
00111010001011101101100001010011,3,3.0E-5
00111010001011101110000001010011,1,1.0E-5
00111010001011101110100001010011,2,2.0E-5
00111010001011101111000001010011,1,1.0E-5
00111010001011110000100001010011,1,1.0E-5
00111010001011110001000001010011,1,1.0E-5
00111010001011110010000001010011,1,1.0E-5
00111010001011110011000001010011,1,1.0E-5
00111010001011110011100001010011,1,1.0E-5
00111010001011110101000001010011,1,1.0E-5
00111010001011110101100001010011,1,1.0E-5
00111010001011110110000001010011,1,1.0E-5
00111010001011110111100001010011,1,1.0E-5
00111010001011111011000001010011,1,1.0E-5
00111010001100000000000001010011,1,1.0E-5
00111010001100000011000001010011,1,1.0E-5
00111010001100000011100001010011,1,1.0E-5
00111010001100001111100001010011,1,1.0E-5
00111010001101100100100001010011,1,1.0E-5
00111110000010010111000001010011,1,1.0E-5
00111110000011010111000001010011,1,1.0E-5
00111110000011100111100001010011,1,1.0E-5
00111110000011101101100001010011,1,1.0E-5
00111110000011101111100001010011,1,1.0E-5
00111110000011110000100001010011,3,3.0E-5
00111110000011110010000001010011,1,1.0E-5
00111110000011110011000001010011,3,3.0E-5
00111110000011110011100001010011,1,1.0E-5
00111110000011110100000001010011,1,1.0E-5
00111110000011110100100001010011,2,2.0E-5
00111110000011110101000001010011,6,6.0E-5
00111110000011110101100001010011,3,3.0E-5
00111110000011110110000001010011,7,7.0E-5
00111110000011110110100001010011,13,1.3E-4
00111110000011110111000001010011,19,1.9E-4
00111110000011110111100001010011,58,5.8E-4
00111110000011111000000001010011,615,0.00615
00111110000011111000100001010011,543,0.00543
00111110000011111001000001010011,70,7.0E-4
00111110000011111001100001010011,22,2.2E-4
00111110000011111010000001010011,9,9.0E-5
00111110000011111010100001010011,10,1.0E-4
00111110000011111011000001010011,2,2.0E-5
00111110000011111011100001010011,4,4.0E-5
00111110000011111100000001010011,4,4.0E-5
00111110000011111100100001010011,2,2.0E-5
00111110000011111101000001010011,1,1.0E-5
00111110000011111101100001010011,2,2.0E-5
00111110000011111110000001010011,1,1.0E-5
00111110000100000001000001010011,1,1.0E-5
00111110000100000001100001010011,1,1.0E-5
00111110000100000010000001010011,2,2.0E-5
00111110000100000011100001010011,1,1.0E-5
00111110000100010000000001010011,1,1.0E-5
00111110000100011100000001010011,1,1.0E-5
00111110000101001001100001010011,1,1.0E-5
01000001111001100100000001010011,1,1.0E-5
01000001111011010001100001010011,1,1.0E-5
01000001111011101001100001010011,1,1.0E-5
01000001111011101010000001010011,1,1.0E-5
01000001111011111010100001010011,1,1.0E-5
01000001111011111110000001010011,1,1.0E-5
01000001111011111110100001010011,1,1.0E-5
01000001111011111111000001010011,2,2.0E-5
01000001111100000000000001010011,1,1.0E-5
01000001111100000001100001010011,2,2.0E-5
01000001111100000010000001010011,2,2.0E-5
01000001111100000011100001010011,3,3.0E-5
01000001111100000100000001010011,1,1.0E-5
01000001111100000100100001010011,7,7.0E-5
01000001111100000101000001010011,5,5.0E-5
01000001111100000101100001010011,5,5.0E-5
01000001111100000110000001010011,10,1.0E-4
01000001111100000110100001010011,18,1.8E-4
01000001111100000111000001010011,69,6.9E-4
01000001111100000111100001010011,567,0.00567
01000001111100001000000001010011,637,0.00637
01000001111100001000100001010011,44,4.4E-4
01000001111100001001000001010011,17,1.7E-4
01000001111100001001100001010011,14,1.4E-4
01000001111100001010000001010011,10,1.0E-4
01000001111100001010100001010011,3,3.0E-5
01000001111100001011000001010011,5,5.0E-5
01000001111100001100000001010011,4,4.0E-5
01000001111100001100100001010011,4,4.0E-5
01000001111100001101100001010011,1,1.0E-5
01000001111100001110100001010011,1,1.0E-5
01000001111100001111100001010011,1,1.0E-5
01000001111100010000000001010011,1,1.0E-5
01000001111100010001000001010011,1,1.0E-5
01000001111100010100100001010011,2,2.0E-5
01000001111100010110100001010011,1,1.0E-5
01000001111100100001100001010011,1,1.0E-5
01000001111100100010100001010011,1,1.0E-5
01000010001000011011000001010011,1,1.0E-5
01000011001000010100100001010011,1,1.0E-5
01000101110011101111100001010011,1,1.0E-5
01000101110011111100000001010011,1,1.0E-5
01000101110100001001000001010011,2,2.0E-5
01000101110100001101100001010011,2,2.0E-5
01000101110100001111100001010011,1,1.0E-5
01000101110100010010100001010011,1,1.0E-5
01000101110100010011000001010011,2,2.0E-5
01000101110100010011100001010011,4,4.0E-5
01000101110100010100000001010011,3,3.0E-5
01000101110100010100100001010011,4,4.0E-5
01000101110100010101000001010011,7,7.0E-5
01000101110100010101100001010011,10,1.0E-4
01000101110100010110000001010011,24,2.4E-4
01000101110100010110100001010011,60,6.0E-4
01000101110100010111000001010011,455,0.00455
01000101110100010111100001010011,727,0.00727
01000101110100011000000001010011,65,6.5E-4
01000101110100011000100001010011,30,3.0E-4
01000101110100011001000001010011,10,1.0E-4
01000101110100011001100001010011,5,5.0E-5
01000101110100011010000001010011,9,9.0E-5
01000101110100011010100001010011,5,5.0E-5
01000101110100011011000001010011,1,1.0E-5
01000101110100011011100001010011,1,1.0E-5
01000101110100011100000001010011,2,2.0E-5
01000101110100011100100001010011,2,2.0E-5
01000101110100011110100001010011,1,1.0E-5
01000101110100100001100001010011,1,1.0E-5
01000101110100100100000001010011,1,1.0E-5
01000101110100100110000001010011,1,1.0E-5
01000101110100101000000001010011,1,1.0E-5
01000101110100101011100001010011,1,1.0E-5
01000101110100101110000001010011,1,1.0E-5
01000111110001010111100001010011,1,1.0E-5
01001001101100011101100001010011,1,1.0E-5
01001001101100011110000001010011,1,1.0E-5
01001001101100100000000001010011,3,3.0E-5
01001001101100100000100001010011,1,1.0E-5
01001001101100100001000001010011,1,1.0E-5
01001001101100100001100001010011,1,1.0E-5
01001001101100100010100001010011,3,3.0E-5
01001001101100100011000001010011,2,2.0E-5
01001001101100100011100001010011,3,3.0E-5
01001001101100100100000001010011,4,4.0E-5
01001001101100100100100001010011,3,3.0E-5
01001001101100100101000001010011,4,4.0E-5
01001001101100100101100001010011,20,2.0E-4
01001001101100100110000001010011,54,5.4E-4
01001001101100100110100001010011,398,0.00398
01001001101100100111000001010011,722,0.00722
01001001101100100111100001010011,66,6.6E-4
01001001101100101000000001010011,27,2.7E-4
01001001101100101000100001010011,13,1.3E-4
01001001101100101001000001010011,7,7.0E-5
01001001101100101001100001010011,4,4.0E-5
01001001101100101010000001010011,1,1.0E-5
01001001101100101010100001010011,5,5.0E-5
01001001101100101011000001010011,2,2.0E-5
01001001101100101011100001010011,1,1.0E-5
01001001101100101100100001010011,1,1.0E-5
01001001101100101101000001010011,1,1.0E-5
01001001101100101110000001010011,1,1.0E-5
01001001101100101111000001010011,1,1.0E-5
01001001101100101111100001010011,1,1.0E-5
01001001101100110011000001010011,1,1.0E-5
01001001101100111001000001010011,1,1.0E-5
01001001101101000101100001010011,1,1.0E-5
01001001101101000110100001010011,1,1.0E-5
01001001101101001111100001010011,1,1.0E-5
01001001110000001001100001010011,1,1.0E-5
01001101100011111101000001010011,1,1.0E-5
01001101100100011100000001010011,1,1.0E-5
01001101100100101101000001010011,1,1.0E-5
01001101100100101111100001010011,2,2.0E-5
01001101100100110000100001010011,1,1.0E-5
01001101100100110001000001010011,2,2.0E-5
01001101100100110001100001010011,2,2.0E-5
01001101100100110010000001010011,4,4.0E-5
01001101100100110010100001010011,2,2.0E-5
01001101100100110011000001010011,4,4.0E-5
01001101100100110011100001010011,1,1.0E-5
01001101100100110100000001010011,7,7.0E-5
01001101100100110100100001010011,8,8.0E-5
01001101100100110101000001010011,22,2.2E-4
01001101100100110101100001010011,52,5.2E-4
01001101100100110110000001010011,363,0.00363
01001101100100110110100001010011,846,0.00846
01001101100100110111000001010011,59,5.9E-4
01001101100100110111100001010011,26,2.6E-4
01001101100100111000000001010011,12,1.2E-4
01001101100100111000100001010011,3,3.0E-5
01001101100100111001000001010011,2,2.0E-5
01001101100100111001100001010011,1,1.0E-5
01001101100100111010000001010011,2,2.0E-5
01001101100100111010100001010011,2,2.0E-5
01001101100100111011000001010011,1,1.0E-5
01001101100100111011100001010011,1,1.0E-5
01001101100100111100000001010011,1,1.0E-5
01001101100100111111000001010011,1,1.0E-5
01001101100100111111100001010011,1,1.0E-5
01001101100101000001100001010011,1,1.0E-5
01001101100101000010000001010011,1,1.0E-5
01001101100101000011000001010011,1,1.0E-5
01001101100101000100000001010011,1,1.0E-5
01001101100101000101100001010011,1,1.0E-5
01001101100101001100000001010011,2,2.0E-5
01001101100101011011000001010011,1,1.0E-5
01001101100111011101100001010011,1,1.0E-5
01010001011011101001100001010011,1,1.0E-5
01010001011100001011100001010011,1,1.0E-5
01010001011100101011000001010011,1,1.0E-5
01010001011100101110100001010011,1,1.0E-5
01010001011100110100000001010011,1,1.0E-5
01010001011100110111100001010011,1,1.0E-5
01010001011100111010100001010011,1,1.0E-5
01010001011100111101100001010011,1,1.0E-5
01010001011100111110000001010011,2,2.0E-5
01010001011101000000100001010011,1,1.0E-5
01010001011101000001100001010011,1,1.0E-5
01010001011101000010000001010011,3,3.0E-5
01010001011101000010100001010011,2,2.0E-5
01010001011101000011000001010011,4,4.0E-5
01010001011101000011100001010011,5,5.0E-5
01010001011101000100000001010011,13,1.3E-4
01010001011101000100100001010011,20,2.0E-4
01010001011101000101000001010011,41,4.1E-4
01010001011101000101100001010011,296,0.00296
01010001011101000110000001010011,888,0.00888
01010001011101000110100001010011,69,6.9E-4
01010001011101000111000001010011,11,1.1E-4
01010001011101000111100001010011,12,1.2E-4
01010001011101001000000001010011,8,8.0E-5
01010001011101001000100001010011,3,3.0E-5
01010001011101001001000001010011,5,5.0E-5
01010001011101001001100001010011,1,1.0E-5
01010001011101001010000001010011,2,2.0E-5
01010001011101001010100001010011,2,2.0E-5
01010001011101001011100001010011,2,2.0E-5
01010001011101001100100001010011,3,3.0E-5
01010001011101001101100001010011,1,1.0E-5
01010001011101010011100001010011,1,1.0E-5
01010001011101011101100001010011,1,1.0E-5
01010001011101100000000001010011,1,1.0E-5
01010001011101100110100001010011,1,1.0E-5
01010001011101110101100001010011,1,1.0E-5
01010101010010010010000001010011,1,1.0E-5
01010101010100110000100001010011,1,1.0E-5
01010101010100111101000001010011,1,1.0E-5
01010101010101001101000001010011,1,1.0E-5
01010101010101001110000001010011,1,1.0E-5
01010101010101010000000001010011,3,3.0E-5
01010101010101010001000001010011,2,2.0E-5
01010101010101010010100001010011,2,2.0E-5
01010101010101010011000001010011,4,4.0E-5
01010101010101010011100001010011,8,8.0E-5
01010101010101010100000001010011,12,1.2E-4
01010101010101010100100001010011,40,4.0E-4
01010101010101010101000001010011,261,0.00261
01010101010101010101100001010011,1036,0.01036
01010101010101010110000001010011,59,5.9E-4
01010101010101010110100001010011,12,1.2E-4
01010101010101010111000001010011,8,8.0E-5
01010101010101010111100001010011,7,7.0E-5
01010101010101011000000001010011,6,6.0E-5
01010101010101011000100001010011,2,2.0E-5
01010101010101011001000001010011,2,2.0E-5
01010101010101011001100001010011,2,2.0E-5
01010101010101011010000001010011,1,1.0E-5
01010101010101011010100001010011,2,2.0E-5
01010101010101011011000001010011,3,3.0E-5
01010101010101011110100001010011,1,1.0E-5
01010101010101100000000001010011,1,1.0E-5
01010101010101100000100001010011,1,1.0E-5
01010101010101100101100001010011,1,1.0E-5
01010101010101101011000001010011,1,1.0E-5
01010101010110011111100001010011,1,1.0E-5
01011001001100111111100001010011,1,1.0E-5
01011001001101010110100001010011,1,1.0E-5
01011001001101010111100001010011,1,1.0E-5
01011001001101011000100001010011,1,1.0E-5
01011001001101011011100001010011,1,1.0E-5
01011001001101011100000001010011,1,1.0E-5
01011001001101011101100001010011,1,1.0E-5
01011001001101011111100001010011,1,1.0E-5
01011001001101100000000001010011,2,2.0E-5
01011001001101100001000001010011,2,2.0E-5
01011001001101100001100001010011,2,2.0E-5
01011001001101100010000001010011,3,3.0E-5
01011001001101100010100001010011,6,6.0E-5
01011001001101100011000001010011,6,6.0E-5
01011001001101100011100001010011,14,1.4E-4
01011001001101100100000001010011,26,2.6E-4
01011001001101100100100001010011,208,0.00208
01011001001101100101000001010011,986,0.00986
01011001001101100101100001010011,45,4.5E-4
01011001001101100110000001010011,16,1.6E-4
01011001001101100110100001010011,6,6.0E-5
01011001001101100111000001010011,5,5.0E-5
01011001001101100111100001010011,1,1.0E-5
01011001001101101000000001010011,4,4.0E-5
01011001001101101001000001010011,1,1.0E-5
01011001001101101001100001010011,1,1.0E-5
01011001001101101010000001010011,2,2.0E-5
01011001001101101011100001010011,1,1.0E-5
01011001001101110100100001010011,1,1.0E-5
01011001001101110101000001010011,1,1.0E-5
01011001001110010101000001010011,1,1.0E-5
01011001001110100110000001010011,1,1.0E-5
01011001001111001000100001010011,1,1.0E-5
01011101000101101010000001010011,1,1.0E-5
01011101000101101011100001010011,1,1.0E-5
01011101000101101111100001010011,2,2.0E-5
01011101000101110000100001010011,1,1.0E-5
01011101000101110001000001010011,1,1.0E-5
01011101000101110010000001010011,3,3.0E-5
01011101000101110010100001010011,3,3.0E-5
01011101000101110011000001010011,7,7.0E-5
01011101000101110011100001010011,23,2.3E-4
01011101000101110100000001010011,152,0.00152
01011101000101110100100001010011,1170,0.0117
01011101000101110101000001010011,50,5.0E-4
01011101000101110101100001010011,21,2.1E-4
01011101000101110110000001010011,8,8.0E-5
01011101000101110110100001010011,4,4.0E-5
01011101000101110111000001010011,5,5.0E-5
01011101000101110111100001010011,3,3.0E-5
01011101000101111000000001010011,3,3.0E-5
01011101000101111000100001010011,1,1.0E-5
01011101000101111010000001010011,1,1.0E-5
01011101000101111100000001010011,1,1.0E-5
01011101000101111110000001010011,1,1.0E-5
01011101000101111110100001010011,1,1.0E-5
01011101000101111111000001010011,1,1.0E-5
01011101000110011010000001010011,1,1.0E-5
01100000111100101011000001010011,1,1.0E-5
01100000111101101011000001010011,1,1.0E-5
01100000111101110001100001010011,1,1.0E-5
01100000111101110010000001010011,1,1.0E-5
01100000111101110111000001010011,2,2.0E-5
01100000111101111000100001010011,1,1.0E-5
01100000111101111001000001010011,1,1.0E-5
01100000111101111100100001010011,1,1.0E-5
01100000111101111101000001010011,1,1.0E-5
01100000111101111110000001010011,1,1.0E-5
01100000111101111111100001010011,3,3.0E-5
01100000111110000000000001010011,3,3.0E-5
01100000111110000000100001010011,1,1.0E-5
01100000111110000001000001010011,4,4.0E-5
01100000111110000001100001010011,3,3.0E-5
01100000111110000010000001010011,5,5.0E-5
01100000111110000010100001010011,8,8.0E-5
01100000111110000011000001010011,18,1.8E-4
01100000111110000011100001010011,100,0.001
01100000111110000100000001010011,1138,0.01138
01100000111110000100100001010011,51,5.1E-4
01100000111110000101000001010011,12,1.2E-4
01100000111110000101100001010011,7,7.0E-5
01100000111110000110000001010011,6,6.0E-5
01100000111110000110100001010011,3,3.0E-5
01100000111110000111000001010011,1,1.0E-5
01100000111110000111100001010011,2,2.0E-5
01100000111110001000100001010011,1,1.0E-5
01100000111110001001100001010011,2,2.0E-5
01100000111110001010000001010011,1,1.0E-5
01100000111110001011000001010011,1,1.0E-5
01100000111110100010000001010011,1,1.0E-5
01100000111110100100000001010011,1,1.0E-5
01100100110101111010000001010011,1,1.0E-5
01100100110110001000000001010011,1,1.0E-5
01100100110110001101000001010011,1,1.0E-5
01100100110110001110100001010011,1,1.0E-5
01100100110110001111100001010011,1,1.0E-5
01100100110110010000100001010011,2,2.0E-5
01100100110110010001000001010011,2,2.0E-5
01100100110110010010000001010011,8,8.0E-5
01100100110110010010100001010011,18,1.8E-4
01100100110110010011000001010011,95,9.5E-4
01100100110110010011100001010011,1195,0.01195
01100100110110010100000001010011,41,4.1E-4
01100100110110010100100001010011,13,1.3E-4
01100100110110010101000001010011,3,3.0E-5
01100100110110010101100001010011,4,4.0E-5
01100100110110010110000001010011,1,1.0E-5
01100100110110010110100001010011,1,1.0E-5
01100100110110011000000001010011,1,1.0E-5
01100100110110011010100001010011,1,1.0E-5
01100100110110011011100001010011,1,1.0E-5
01100100110110100101100001010011,1,1.0E-5
01100100110110101001000001010011,1,1.0E-5
01100100111000000111000001010011,1,1.0E-5
01100100111000010010000001010011,1,1.0E-5
01101000101110010101000001010011,1,1.0E-5
01101000101110010110000001010011,1,1.0E-5
01101000101110011011100001010011,1,1.0E-5
01101000101110011100100001010011,2,2.0E-5
01101000101110011111100001010011,2,2.0E-5
01101000101110100000000001010011,2,2.0E-5
01101000101110100000100001010011,3,3.0E-5
01101000101110100001000001010011,4,4.0E-5
01101000101110100001100001010011,4,4.0E-5
01101000101110100010000001010011,15,1.5E-4
01101000101110100010100001010011,57,5.7E-4
01101000101110100011000001010011,1270,0.0127
01101000101110100011100001010011,28,2.8E-4
01101000101110100100000001010011,9,9.0E-5
01101000101110100100100001010011,2,2.0E-5
01101000101110100101000001010011,6,6.0E-5
01101000101110100101100001010011,5,5.0E-5
01101000101110110000000001010011,1,1.0E-5
01101100100110000110000001010011,1,1.0E-5
01101100100110101110000001010011,1,1.0E-5
01101100100110101110100001010011,1,1.0E-5
01101100100110110000000001010011,2,2.0E-5
01101100100110110000100001010011,2,2.0E-5
01101100100110110001000001010011,3,3.0E-5
01101100100110110001100001010011,8,8.0E-5
01101100100110110010000001010011,39,3.9E-4
01101100100110110010100001010011,1294,0.01294
01101100100110110011000001010011,21,2.1E-4
01101100100110110011100001010011,5,5.0E-5
01101100100110110100000001010011,3,3.0E-5
01101100100110110101000001010011,3,3.0E-5
01101100100110110101100001010011,2,2.0E-5
01101100100110110111000001010011,2,2.0E-5
01101100100110111000000001010011,2,2.0E-5
01101100100110111001000001010011,1,1.0E-5
01101100100110111010000001010011,1,1.0E-5
01101100100110111011000001010011,1,1.0E-5
01101100100110111011100001010011,1,1.0E-5
01101100100110111100000001010011,1,1.0E-5
01101100100111001101000001010011,1,1.0E-5
01110000011110111010000001010011,1,1.0E-5
01110000011111000000100001010011,1,1.0E-5
01110000011111000001000001010011,10,1.0E-4
01110000011111000001100001010011,27,2.7E-4
01110000011111000010000001010011,1362,0.01362
01110000011111000010100001010011,17,1.7E-4
01110000011111000011000001010011,3,3.0E-5
01110000011111000011100001010011,2,2.0E-5
01110000011111000100000001010011,2,2.0E-5
01110000011111000100100001010011,1,1.0E-5
01110000011111000101000001010011,1,1.0E-5
01110000011111000111000001010011,2,2.0E-5
01110000011111000111100001010011,1,1.0E-5
01110000011111001010000001010011,1,1.0E-5
01110000011111110000000001010011,1,1.0E-5
01110100010111001100100001010011,1,1.0E-5
01110100010111001111100001010011,1,1.0E-5
01110100010111010000100001010011,2,2.0E-5
01110100010111010001000001010011,16,1.6E-4
01110100010111010001100001010011,1423,0.01423
01110100010111010010000001010011,6,6.0E-5
01110100010111010011000001010011,2,2.0E-5
01110100010111010011100001010011,1,1.0E-5
01110100010111011001000001010011,1,1.0E-5
01111000001111011101100001010011,2,2.0E-5
01111000001111011110100001010011,1,1.0E-5
01111000001111011111000001010011,1,1.0E-5
01111000001111011111100001010011,1,1.0E-5
01111000001111100000000001010011,2,2.0E-5
01111000001111100000100001010011,6,6.0E-5
01111000001111100001000001010011,1385,0.01385
01111000001111100001100001010011,4,4.0E-5
01111000001111100010000001010011,1,1.0E-5
01111000001111100010100001010011,2,2.0E-5
01111000001111100011000001010011,1,1.0E-5
01111100000111101110100001010011,1,1.0E-5
01111100000111110000000001010011,1,1.0E-5
01111100000111110000100001010011,1392,0.01392
01111100000111110001000001010011,2,2.0E-5
10000000000000000000000001010011,1458,0.01458
10000011111000001110100001010011,1,1.0E-5
10000011111000001111100001010011,1444,0.01444
10000111110000010001100001010011,1,1.0E-5
10000111110000011110100001010011,7,7.0E-5
10000111110000011111000001010011,1404,0.01404
10000111110000011111100001010011,2,2.0E-5
10000111110000100000000001010011,1,1.0E-5
10000111110000100101000001010011,1,1.0E-5
10000111110000100110000001010011,1,1.0E-5
10000111110000101001000001010011,1,1.0E-5
10000111110000110101000001010011,1,1.0E-5
10001011100111101011100001010011,1,1.0E-5
10001011101000101001000001010011,1,1.0E-5
10001011101000101101000001010011,2,2.0E-5
10001011101000101101100001010011,3,3.0E-5
10001011101000101110000001010011,9,9.0E-5
10001011101000101110100001010011,1286,0.01286
10001011101000101111000001010011,11,1.1E-4
10001011101000101111100001010011,1,1.0E-5
10001011101000110000000001010011,2,2.0E-5
10001011101000110011100001010011,1,1.0E-5
10001111100000110111100001010011,1,1.0E-5
10001111100000111011100001010011,1,1.0E-5
10001111100000111100000001010011,1,1.0E-5
10001111100000111101000001010011,4,4.0E-5
10001111100000111101100001010011,16,1.6E-4
10001111100000111110000001010011,1261,0.01261
10001111100000111110100001010011,24,2.4E-4
10001111100000111111000001010011,3,3.0E-5
10001111100000111111100001010011,4,4.0E-5
10001111100001000000100001010011,1,1.0E-5
10001111100001000001100001010011,1,1.0E-5
10001111100001000010100001010011,2,2.0E-5
10001111100001001010000001010011,1,1.0E-5
10010011011001001010000001010011,1,1.0E-5
10010011011001001010100001010011,1,1.0E-5
10010011011001001011000001010011,1,1.0E-5
10010011011001001100100001010011,5,5.0E-5
10010011011001001101000001010011,24,2.4E-4
10010011011001001101100001010011,1261,0.01261
10010011011001001110000001010011,42,4.2E-4
10010011011001001110100001010011,9,9.0E-5
10010011011001001111000001010011,4,4.0E-5
10010011011001001111100001010011,1,1.0E-5
10010011011001010000000001010011,1,1.0E-5
10010011011001010000100001010011,1,1.0E-5
10010011011001010001100001010011,1,1.0E-5
10010011011001010010000001010011,2,2.0E-5
10010011011001010111000001010011,1,1.0E-5
10010011011001011010100001010011,1,1.0E-5
10010011011010001000000001010011,1,1.0E-5
10010011011010100010100001010011,1,1.0E-5
10010011011110101111100001010011,1,1.0E-5
10010111010001010100000001010011,1,1.0E-5
10010111010001010110000001010011,1,1.0E-5
10010111010001010111000001010011,1,1.0E-5
10010111010001011000000001010011,2,2.0E-5
10010111010001011001000001010011,2,2.0E-5
10010111010001011010100001010011,1,1.0E-5
10010111010001011011000001010011,3,3.0E-5
10010111010001011011100001010011,4,4.0E-5
10010111010001011100000001010011,11,1.1E-4
10010111010001011100100001010011,35,3.5E-4
10010111010001011101000001010011,1242,0.01242
10010111010001011101100001010011,57,5.7E-4
10010111010001011110000001010011,14,1.4E-4
10010111010001011110100001010011,5,5.0E-5
10010111010001011111000001010011,2,2.0E-5
10010111010001011111100001010011,2,2.0E-5
10010111010001100000000001010011,2,2.0E-5
10010111010001100000100001010011,1,1.0E-5
10010111010001100111000001010011,1,1.0E-5
10011011001001001001100001010011,1,1.0E-5
10011011001001010110100001010011,1,1.0E-5
10011011001001100000100001010011,1,1.0E-5
10011011001001100100000001010011,1,1.0E-5
10011011001001100110000001010011,1,1.0E-5
10011011001001101000100001010011,1,1.0E-5
10011011001001101001000001010011,1,1.0E-5
10011011001001101001100001010011,1,1.0E-5
10011011001001101010000001010011,2,2.0E-5
10011011001001101010100001010011,4,4.0E-5
10011011001001101011000001010011,1,1.0E-5
10011011001001101011100001010011,14,1.4E-4
10011011001001101100000001010011,29,2.9E-4
10011011001001101100100001010011,1270,0.0127
10011011001001101101000001010011,89,8.9E-4
10011011001001101101100001010011,20,2.0E-4
10011011001001101110000001010011,7,7.0E-5
10011011001001101110100001010011,2,2.0E-5
10011011001001101111000001010011,3,3.0E-5
10011011001001101111100001010011,1,1.0E-5
10011011001001110000000001010011,1,1.0E-5
10011011001001110000100001010011,1,1.0E-5
10011011001001110011000001010011,1,1.0E-5
10011011001001111000100001010011,1,1.0E-5
10011011001010000001000001010011,1,1.0E-5
10011011001010000010100001010011,1,1.0E-5
10011011001010100110000001010011,1,1.0E-5
10011111000001010011000001010011,1,1.0E-5
10011111000001010110000001010011,1,1.0E-5
10011111000001011110100001010011,1,1.0E-5
10011111000001100001100001010011,1,1.0E-5
10011111000001110010000001010011,1,1.0E-5
10011111000001110011100001010011,1,1.0E-5
10011111000001110100100001010011,1,1.0E-5
10011111000001110110100001010011,2,2.0E-5
10011111000001110111100001010011,2,2.0E-5
10011111000001111000100001010011,1,1.0E-5
10011111000001111001000001010011,1,1.0E-5
10011111000001111001100001010011,2,2.0E-5
10011111000001111010000001010011,2,2.0E-5
10011111000001111010100001010011,5,5.0E-5
10011111000001111011000001010011,13,1.3E-4
10011111000001111011100001010011,48,4.8E-4
10011111000001111100000001010011,1191,0.01191
10011111000001111100100001010011,109,0.00109
10011111000001111101000001010011,21,2.1E-4
10011111000001111101100001010011,5,5.0E-5
10011111000001111110000001010011,8,8.0E-5
10011111000001111110100001010011,2,2.0E-5
10011111000001111111000001010011,4,4.0E-5
10011111000001111111100001010011,2,2.0E-5
10011111000010000000000001010011,1,1.0E-5
10011111000010000000100001010011,2,2.0E-5
10011111000010000100000001010011,2,2.0E-5
10011111000010000111000001010011,1,1.0E-5
10011111000010001110000001010011,1,1.0E-5
10011111000010111110000001010011,1,1.0E-5
10100010111001100110000001010011,1,1.0E-5
10100010111001101000000001010011,1,1.0E-5
10100010111001110011100001010011,1,1.0E-5
10100010111001111101000001010011,1,1.0E-5
10100010111010000010100001010011,1,1.0E-5
10100010111010000100100001010011,1,1.0E-5
10100010111010000111000001010011,1,1.0E-5
10100010111010000111100001010011,7,7.0E-5
10100010111010001000000001010011,1,1.0E-5
10100010111010001000100001010011,5,5.0E-5
10100010111010001001000001010011,5,5.0E-5
10100010111010001001100001010011,5,5.0E-5
10100010111010001010000001010011,7,7.0E-5
10100010111010001010100001010011,16,1.6E-4
10100010111010001011000001010011,56,5.6E-4
10100010111010001011100001010011,1122,0.01122
10100010111010001100000001010011,142,0.00142
10100010111010001100100001010011,31,3.1E-4
10100010111010001101000001010011,17,1.7E-4
10100010111010001101100001010011,5,5.0E-5
10100010111010001110000001010011,1,1.0E-5
10100010111010001110100001010011,2,2.0E-5
10100010111010001111000001010011,1,1.0E-5
10100010111010001111100001010011,2,2.0E-5
10100010111010010000000001010011,1,1.0E-5
10100010111010010000100001010011,2,2.0E-5
10100010111010010001000001010011,1,1.0E-5
10100010111010010010000001010011,1,1.0E-5
10100010111010010010100001010011,1,1.0E-5
10100010111010011000100001010011,1,1.0E-5
10100010111010011001100001010011,1,1.0E-5
10100010111010011010000001010011,1,1.0E-5
10100010111010101111000001010011,1,1.0E-5
10100101100010110110100001010011,3395,0.03395
10100110110001111110100001010011,1,1.0E-5
10100110110010000010000001010011,1,1.0E-5
10100110110010000111100001010011,1,1.0E-5
10100110110010001011000001010011,1,1.0E-5
10100110110010001111100001010011,1,1.0E-5
10100110110010010000000001010011,1,1.0E-5
10100110110010010011000001010011,1,1.0E-5
10100110110010010011100001010011,1,1.0E-5
10100110110010010110000001010011,1,1.0E-5
10100110110010010111000001010011,1,1.0E-5
10100110110010010111100001010011,1,1.0E-5
10100110110010011000000001010011,1,1.0E-5
10100110110010011000100001010011,3,3.0E-5
10100110110010011001000001010011,6,6.0E-5
10100110110010011001100001010011,11,1.1E-4
10100110110010011010000001010011,10,1.0E-4
10100110110010011010100001010011,50,5.0E-4
10100110110010011011000001010011,1023,0.01023
10100110110010011011100001010011,208,0.00208
10100110110010011100000001010011,38,3.8E-4
10100110110010011100100001010011,8,8.0E-5
10100110110010011101000001010011,7,7.0E-5
10100110110010011101100001010011,4,4.0E-5
10100110110010011110000001010011,2,2.0E-5
10100110110010011110100001010011,1,1.0E-5
10100110110010011111000001010011,2,2.0E-5
10100110110010011111100001010011,7,7.0E-5
10100110110010100000000001010011,1,1.0E-5
10100110110010100000100001010011,3,3.0E-5
10100110110010100001100001010011,1,1.0E-5
10100110110010100010000001010011,1,1.0E-5
10100110110010100010100001010011,1,1.0E-5
10100110110010100101100001010011,1,1.0E-5
10100110110010100110000001010011,1,1.0E-5
10100110110010101100000001010011,1,1.0E-5
10101010100111100110000001010011,1,1.0E-5
10101010101010010011000001010011,1,1.0E-5
10101010101010011000000001010011,1,1.0E-5
10101010101010011100000001010011,1,1.0E-5
10101010101010100000100001010011,1,1.0E-5
10101010101010100001000001010011,1,1.0E-5
10101010101010100001100001010011,2,2.0E-5
10101010101010100010000001010011,1,1.0E-5
10101010101010100010100001010011,1,1.0E-5
10101010101010100011000001010011,2,2.0E-5
10101010101010100101000001010011,1,1.0E-5
10101010101010100101100001010011,1,1.0E-5
10101010101010100110000001010011,2,2.0E-5
10101010101010100110100001010011,1,1.0E-5
10101010101010100111000001010011,1,1.0E-5
10101010101010100111100001010011,3,3.0E-5
10101010101010101000000001010011,1,1.0E-5
10101010101010101000100001010011,9,9.0E-5
10101010101010101001000001010011,6,6.0E-5
10101010101010101001100001010011,19,1.9E-4
10101010101010101010000001010011,62,6.2E-4
10101010101010101010100001010011,984,0.00984
10101010101010101011000001010011,241,0.00241
10101010101010101011100001010011,36,3.6E-4
10101010101010101100000001010011,10,1.0E-4
10101010101010101100100001010011,7,7.0E-5
10101010101010101101000001010011,5,5.0E-5
10101010101010101101100001010011,3,3.0E-5
10101010101010101110000001010011,1,1.0E-5
10101010101010101110100001010011,2,2.0E-5
10101010101010101111100001010011,2,2.0E-5
10101010101010110000000001010011,2,2.0E-5
10101010101010110000100001010011,1,1.0E-5
10101010101010110011000001010011,2,2.0E-5
10101010101010110100100001010011,1,1.0E-5
10101010101010111101100001010011,1,1.0E-5
10101010101011000010100001010011,1,1.0E-5
10101010101011011011000001010011,1,1.0E-5
10101110100001010101000001010011,1,1.0E-5
10101110100010001100100001010011,1,1.0E-5
10101110100010100100000001010011,1,1.0E-5
10101110100010100110000001010011,1,1.0E-5
10101110100010100110100001010011,2,2.0E-5
10101110100010101010100001010011,1,1.0E-5
10101110100010101100000001010011,1,1.0E-5
10101110100010101110000001010011,1,1.0E-5
10101110100010101110100001010011,1,1.0E-5
10101110100010101111100001010011,1,1.0E-5
10101110100010110001000001010011,1,1.0E-5
10101110100010110010000001010011,1,1.0E-5
10101110100010110100000001010011,2,2.0E-5
10101110100010110100100001010011,1,1.0E-5
10101110100010110101000001010011,1,1.0E-5
10101110100010110101100001010011,1,1.0E-5
10101110100010110110100001010011,3,3.0E-5
10101110100010110111000001010011,4,4.0E-5
10101110100010110111100001010011,5,5.0E-5
10101110100010111000000001010011,6,6.0E-5
10101110100010111000100001010011,6,6.0E-5
10101110100010111001000001010011,21,2.1E-4
10101110100010111001100001010011,55,5.5E-4
10101110100010111010000001010011,934,0.00934
10101110100010111010100001010011,275,0.00275
10101110100010111011000001010011,37,3.7E-4
10101110100010111011100001010011,15,1.5E-4
10101110100010111100000001010011,10,1.0E-4
10101110100010111100100001010011,6,6.0E-5
10101110100010111101000001010011,5,5.0E-5
10101110100010111101100001010011,1,1.0E-5
10101110100010111110000001010011,2,2.0E-5
10101110100010111110100001010011,1,1.0E-5
10101110100010111111000001010011,1,1.0E-5
10101110100011000001000001010011,2,2.0E-5
10101110100011000100100001010011,1,1.0E-5
10101110100011100000000001010011,1,1.0E-5
10101110100100101110100001010011,1,1.0E-5
10110010011001111100100001010011,1,1.0E-5
10110010011010000111000001010011,1,1.0E-5
10110010011010100000100001010011,1,1.0E-5
10110010011010101000100001010011,1,1.0E-5
10110010011010110010100001010011,1,1.0E-5
10110010011010110100100001010011,1,1.0E-5
10110010011010110111000001010011,1,1.0E-5
10110010011011000000000001010011,1,1.0E-5
10110010011011000000100001010011,2,2.0E-5
10110010011011000001000001010011,1,1.0E-5
10110010011011000010000001010011,1,1.0E-5
10110010011011000010100001010011,1,1.0E-5
10110010011011000100000001010011,1,1.0E-5
10110010011011000100100001010011,1,1.0E-5
10110010011011000101000001010011,1,1.0E-5
10110010011011000101100001010011,2,2.0E-5
10110010011011000110100001010011,1,1.0E-5
10110010011011000111000001010011,4,4.0E-5
10110010011011000111100001010011,3,3.0E-5
10110010011011001000000001010011,20,2.0E-4
10110010011011001000100001010011,32,3.2E-4
10110010011011001001000001010011,59,5.9E-4
10110010011011001001100001010011,838,0.00838
10110010011011001010000001010011,318,0.00318
10110010011011001010100001010011,43,4.3E-4
10110010011011001011000001010011,17,1.7E-4
10110010011011001011100001010011,15,1.5E-4
10110010011011001100000001010011,1,1.0E-5
10110010011011001100100001010011,5,5.0E-5
10110010011011001101000001010011,5,5.0E-5
10110010011011001101100001010011,2,2.0E-5
10110010011011001110000001010011,2,2.0E-5
10110010011011001111100001010011,1,1.0E-5
10110010011011010001100001010011,1,1.0E-5
10110010011011010011100001010011,1,1.0E-5
10110010011011011011000001010011,1,1.0E-5
10110010011011011100100001010011,1,1.0E-5
10110010011011011111100001010011,1,1.0E-5
10110010011011100000000001010011,1,1.0E-5
10110010011011100001000001010011,1,1.0E-5
10110110010010100110000001010011,1,1.0E-5
10110110010010111110000001010011,1,1.0E-5
10110110010011001010000001010011,1,1.0E-5
10110110010011001100000001010011,1,1.0E-5
10110110010011001110100001010011,2,2.0E-5
10110110010011001111000001010011,1,1.0E-5
10110110010011010000100001010011,1,1.0E-5
10110110010011010001000001010011,1,1.0E-5
10110110010011010010000001010011,1,1.0E-5
10110110010011010010100001010011,1,1.0E-5
10110110010011010011100001010011,1,1.0E-5
10110110010011010100000001010011,1,1.0E-5
10110110010011010100100001010011,1,1.0E-5
10110110010011010101000001010011,2,2.0E-5
10110110010011010101100001010011,4,4.0E-5
10110110010011010110000001010011,7,7.0E-5
10110110010011010110100001010011,3,3.0E-5
10110110010011010111000001010011,9,9.0E-5
10110110010011010111100001010011,10,1.0E-4
10110110010011011000000001010011,18,1.8E-4
10110110010011011000100001010011,79,7.9E-4
10110110010011011001000001010011,785,0.00785
10110110010011011001100001010011,407,0.00407
10110110010011011010000001010011,63,6.3E-4
10110110010011011010100001010011,19,1.9E-4
10110110010011011011000001010011,10,1.0E-4
10110110010011011011100001010011,9,9.0E-5
10110110010011011100000001010011,4,4.0E-5
10110110010011011100100001010011,3,3.0E-5
10110110010011011101000001010011,4,4.0E-5
10110110010011011101100001010011,2,2.0E-5
10110110010011011111000001010011,1,1.0E-5
10110110010011011111100001010011,2,2.0E-5
10110110010011100000100001010011,1,1.0E-5
10110110010011100001000001010011,1,1.0E-5
10110110010011100110000001010011,1,1.0E-5
10110110010011110010100001010011,1,1.0E-5
10110110010011111101100001010011,1,1.0E-5
10110110010100001100100001010011,1,1.0E-5
10111010001010101111000001010011,1,1.0E-5
10111010001010110011000001010011,1,1.0E-5
10111010001010111101000001010011,1,1.0E-5
10111010001011010010000001010011,1,1.0E-5
10111010001011011101000001010011,1,1.0E-5
10111010001011011110100001010011,2,2.0E-5
10111010001011011111000001010011,1,1.0E-5
10111010001011100000000001010011,1,1.0E-5
10111010001011100001000001010011,1,1.0E-5
10111010001011100010000001010011,2,2.0E-5
10111010001011100100100001010011,2,2.0E-5
10111010001011100101000001010011,6,6.0E-5
10111010001011100101100001010011,2,2.0E-5
10111010001011100110000001010011,4,4.0E-5
10111010001011100110100001010011,13,1.3E-4
10111010001011100111000001010011,7,7.0E-5
10111010001011100111100001010011,22,2.2E-4
10111010001011101000000001010011,81,8.1E-4
10111010001011101000100001010011,672,0.00672
10111010001011101001000001010011,478,0.00478
10111010001011101001100001010011,68,6.8E-4
10111010001011101010000001010011,25,2.5E-4
10111010001011101010100001010011,23,2.3E-4
10111010001011101011000001010011,9,9.0E-5
10111010001011101011100001010011,3,3.0E-5
10111010001011101100000001010011,3,3.0E-5
10111010001011101100100001010011,2,2.0E-5
10111010001011101101000001010011,3,3.0E-5
10111010001011101101100001010011,1,1.0E-5
10111010001011101110000001010011,6,6.0E-5
10111010001011101111100001010011,1,1.0E-5
10111010001011110000000001010011,2,2.0E-5
10111010001011110010100001010011,1,1.0E-5
10111010001011110101000001010011,1,1.0E-5
10111010001011110110000001010011,1,1.0E-5
10111010001011111000100001010011,1,1.0E-5
10111010001100001000000001010011,1,1.0E-5
10111010001101001000000001010011,1,1.0E-5
10111101111110011011100001010011,1,1.0E-5
10111110000000110111100001010011,1,1.0E-5
10111110000010110100000001010011,1,1.0E-5
10111110000011001111000001010011,1,1.0E-5
10111110000011100010100001010011,1,1.0E-5
10111110000011100111100001010011,1,1.0E-5
10111110000011101010100001010011,1,1.0E-5
10111110000011101100100001010011,1,1.0E-5
10111110000011101101100001010011,1,1.0E-5
10111110000011101110000001010011,1,1.0E-5
10111110000011101110100001010011,2,2.0E-5
10111110000011101111000001010011,1,1.0E-5
10111110000011101111100001010011,1,1.0E-5
10111110000011110000100001010011,1,1.0E-5
10111110000011110001000001010011,1,1.0E-5
10111110000011110001100001010011,2,2.0E-5
10111110000011110011000001010011,3,3.0E-5
10111110000011110011100001010011,1,1.0E-5
10111110000011110100100001010011,2,2.0E-5
10111110000011110101000001010011,1,1.0E-5
10111110000011110101100001010011,6,6.0E-5
10111110000011110110000001010011,8,8.0E-5
10111110000011110110100001010011,10,1.0E-4
10111110000011110111000001010011,17,1.7E-4
10111110000011110111100001010011,64,6.4E-4
10111110000011111000000001010011,624,0.00624
10111110000011111000100001010011,553,0.00553
10111110000011111001000001010011,57,5.7E-4
10111110000011111001100001010011,21,2.1E-4
10111110000011111010000001010011,12,1.2E-4
10111110000011111010100001010011,7,7.0E-5
10111110000011111011000001010011,1,1.0E-5
10111110000011111011100001010011,2,2.0E-5
10111110000011111100000001010011,2,2.0E-5
10111110000011111100100001010011,4,4.0E-5
10111110000011111101100001010011,2,2.0E-5
10111110000011111111100001010011,1,1.0E-5
10111110000100000000100001010011,1,1.0E-5
10111110000100000001000001010011,1,1.0E-5
10111110000100000011100001010011,1,1.0E-5
10111110000100000101000001010011,1,1.0E-5
10111110000100000110000001010011,1,1.0E-5
10111110000100000111100001010011,1,1.0E-5
10111110000100100010000001010011,1,1.0E-5
10111110000100101011000001010011,1,1.0E-5
11000001111010101100000001010011,1,1.0E-5
11000001111011010011100001010011,1,1.0E-5
11000001111011101101000001010011,1,1.0E-5
11000001111011110100000001010011,1,1.0E-5
11000001111011111010100001010011,1,1.0E-5
11000001111011111111000001010011,1,1.0E-5
11000001111011111111100001010011,2,2.0E-5
11000001111100000000100001010011,1,1.0E-5
11000001111100000001000001010011,1,1.0E-5
11000001111100000001100001010011,1,1.0E-5
11000001111100000010000001010011,1,1.0E-5
11000001111100000010100001010011,3,3.0E-5
11000001111100000011000001010011,4,4.0E-5
11000001111100000011100001010011,2,2.0E-5
11000001111100000100000001010011,3,3.0E-5
11000001111100000100100001010011,7,7.0E-5
11000001111100000101000001010011,4,4.0E-5
11000001111100000101100001010011,4,4.0E-5
11000001111100000110000001010011,5,5.0E-5
11000001111100000110100001010011,28,2.8E-4
11000001111100000111000001010011,74,7.4E-4
11000001111100000111100001010011,528,0.00528
11000001111100001000000001010011,609,0.00609
11000001111100001000100001010011,52,5.2E-4
11000001111100001001000001010011,21,2.1E-4
11000001111100001001100001010011,16,1.6E-4
11000001111100001010000001010011,8,8.0E-5
11000001111100001010100001010011,8,8.0E-5
11000001111100001011000001010011,2,2.0E-5
11000001111100001011100001010011,1,1.0E-5
11000001111100001100000001010011,3,3.0E-5
11000001111100001100100001010011,1,1.0E-5
11000001111100001101000001010011,2,2.0E-5
11000001111100001101100001010011,3,3.0E-5
11000001111100001110000001010011,1,1.0E-5
11000001111100001111000001010011,1,1.0E-5
11000001111100001111100001010011,1,1.0E-5
11000001111100010000000001010011,1,1.0E-5
11000001111100010001000001010011,1,1.0E-5
11000001111100010001100001010011,1,1.0E-5
11000001111100010011000001010011,1,1.0E-5
11000001111100010111000001010011,1,1.0E-5
11000001111100010111100001010011,1,1.0E-5
11000001111100100100000001010011,1,1.0E-5
11000001111100101000000001010011,1,1.0E-5
11000001111110011110000001010011,1,1.0E-5
11000001111111000001000001010011,1,1.0E-5
11000001111111001111100001010011,1,1.0E-5
11000101110010100011100001010011,1,1.0E-5
11000101110011001111000001010011,1,1.0E-5
11000101110011110011100001010011,1,1.0E-5
11000101110100000101100001010011,1,1.0E-5
11000101110100001010100001010011,1,1.0E-5
11000101110100001101000001010011,1,1.0E-5
11000101110100001111100001010011,2,2.0E-5
11000101110100010000000001010011,1,1.0E-5
11000101110100010001100001010011,1,1.0E-5
11000101110100010011000001010011,3,3.0E-5
11000101110100010011100001010011,2,2.0E-5
11000101110100010100000001010011,2,2.0E-5
11000101110100010101000001010011,12,1.2E-4
11000101110100010101100001010011,13,1.3E-4
11000101110100010110000001010011,21,2.1E-4
11000101110100010110100001010011,66,6.6E-4
11000101110100010111000001010011,490,0.0049
11000101110100010111100001010011,670,0.0067
11000101110100011000000001010011,62,6.2E-4
11000101110100011000100001010011,22,2.2E-4
11000101110100011001000001010011,9,9.0E-5
11000101110100011001100001010011,10,1.0E-4
11000101110100011010000001010011,10,1.0E-4
11000101110100011010100001010011,3,3.0E-5
11000101110100011011000001010011,5,5.0E-5
11000101110100011011100001010011,2,2.0E-5
11000101110100011100000001010011,2,2.0E-5
11000101110100011100100001010011,1,1.0E-5
11000101110100011111000001010011,1,1.0E-5
11000101110100100001000001010011,1,1.0E-5
11000101110100100001100001010011,1,1.0E-5
11000101110100101100100001010011,1,1.0E-5
11000101110100101101000001010011,1,1.0E-5
11000101110100110001000001010011,1,1.0E-5
11000101110100110001100001010011,1,1.0E-5
11000101110100111110000001010011,1,1.0E-5
11000101110101100111100001010011,1,1.0E-5
11001001101011111000100001010011,1,1.0E-5
11001001101100001011100001010011,1,1.0E-5
11001001101100001111100001010011,1,1.0E-5
11001001101100010001000001010011,1,1.0E-5
11001001101100010110000001010011,1,1.0E-5
11001001101100011011100001010011,1,1.0E-5
11001001101100011110000001010011,2,2.0E-5
11001001101100011110100001010011,1,1.0E-5
11001001101100011111000001010011,1,1.0E-5
11001001101100100000100001010011,2,2.0E-5
11001001101100100001000001010011,2,2.0E-5
11001001101100100001100001010011,1,1.0E-5
11001001101100100010000001010011,2,2.0E-5
11001001101100100010100001010011,3,3.0E-5
11001001101100100011000001010011,2,2.0E-5
11001001101100100011100001010011,4,4.0E-5
11001001101100100100000001010011,3,3.0E-5
11001001101100100100100001010011,6,6.0E-5
11001001101100100101000001010011,17,1.7E-4
11001001101100100101100001010011,23,2.3E-4
11001001101100100110000001010011,67,6.7E-4
11001001101100100110100001010011,385,0.00385
11001001101100100111000001010011,699,0.00699
11001001101100100111100001010011,75,7.5E-4
11001001101100101000000001010011,22,2.2E-4
11001001101100101000100001010011,15,1.5E-4
11001001101100101001000001010011,8,8.0E-5
11001001101100101001100001010011,2,2.0E-5
11001001101100101010000001010011,4,4.0E-5
11001001101100101010100001010011,4,4.0E-5
11001001101100101011000001010011,1,1.0E-5
11001001101100101011100001010011,2,2.0E-5
11001001101100101100000001010011,1,1.0E-5
11001001101100101101000001010011,2,2.0E-5
11001001101100101110000001010011,1,1.0E-5
11001001101100101111100001010011,1,1.0E-5
11001001101100110000000001010011,1,1.0E-5
11001001101100110010100001010011,1,1.0E-5
11001001101100111111000001010011,1,1.0E-5
11001001101101000110100001010011,1,1.0E-5
11001001101101010100100001010011,1,1.0E-5
11001001101101011101000001010011,1,1.0E-5
11001101100001111000100001010011,1,1.0E-5
11001101100001111111100001010011,1,1.0E-5
11001101100010001011000001010011,1,1.0E-5
11001101100100000010000001010011,1,1.0E-5
11001101100100000100000001010011,1,1.0E-5
11001101100100010010100001010011,1,1.0E-5
11001101100100010011000001010011,1,1.0E-5
11001101100100011010000001010011,1,1.0E-5
11001101100100100111100001010011,1,1.0E-5
11001101100100101010100001010011,2,2.0E-5
11001101100100101100100001010011,1,1.0E-5
11001101100100101101000001010011,1,1.0E-5
11001101100100101110100001010011,1,1.0E-5
11001101100100101111100001010011,1,1.0E-5
11001101100100110000000001010011,3,3.0E-5
11001101100100110001100001010011,1,1.0E-5
11001101100100110010000001010011,2,2.0E-5
11001101100100110010100001010011,3,3.0E-5
11001101100100110011000001010011,1,1.0E-5
11001101100100110011100001010011,2,2.0E-5
11001101100100110100000001010011,2,2.0E-5
11001101100100110100100001010011,8,8.0E-5
11001101100100110101000001010011,17,1.7E-4
11001101100100110101100001010011,53,5.3E-4
11001101100100110110000001010011,354,0.00354
11001101100100110110100001010011,865,0.00865
11001101100100110111000001010011,72,7.2E-4
11001101100100110111100001010011,13,1.3E-4
11001101100100111000000001010011,16,1.6E-4
11001101100100111000100001010011,3,3.0E-5
11001101100100111001000001010011,5,5.0E-5
11001101100100111001100001010011,3,3.0E-5
11001101100100111010000001010011,2,2.0E-5
11001101100100111011000001010011,1,1.0E-5
11001101100100111011100001010011,1,1.0E-5
11001101100100111100000001010011,3,3.0E-5
11001101100100111100100001010011,3,3.0E-5
11001101100100111101000001010011,1,1.0E-5
11001101100100111111100001010011,1,1.0E-5
11001101100101001110000001010011,1,1.0E-5
11001101100101001111000001010011,1,1.0E-5
11001101100110001100100001010011,1,1.0E-5
11001101100110011001000001010011,1,1.0E-5
11001101100110100100100001010011,1,1.0E-5
11001101100111111111100001010011,1,1.0E-5
11010001010110111000100001010011,1,1.0E-5
11010001011100000111000001010011,1,1.0E-5
11010001011100011100000001010011,1,1.0E-5
11010001011100101110000001010011,1,1.0E-5
11010001011100110101100001010011,1,1.0E-5
11010001011100110110000001010011,1,1.0E-5
11010001011100110111000001010011,1,1.0E-5
11010001011100111000000001010011,1,1.0E-5
11010001011100111001000001010011,1,1.0E-5
11010001011100111011000001010011,1,1.0E-5
11010001011100111110100001010011,3,3.0E-5
11010001011101000000100001010011,3,3.0E-5
11010001011101000001000001010011,3,3.0E-5
11010001011101000010000001010011,1,1.0E-5
11010001011101000010100001010011,1,1.0E-5
11010001011101000011000001010011,3,3.0E-5
11010001011101000011100001010011,4,4.0E-5
11010001011101000100000001010011,7,7.0E-5
11010001011101000100100001010011,22,2.2E-4
11010001011101000101000001010011,36,3.6E-4
11010001011101000101100001010011,285,0.00285
11010001011101000110000001010011,897,0.00897
11010001011101000110100001010011,57,5.7E-4
11010001011101000111000001010011,16,1.6E-4
11010001011101000111100001010011,9,9.0E-5
11010001011101001000000001010011,5,5.0E-5
11010001011101001000100001010011,2,2.0E-5
11010001011101001001000001010011,9,9.0E-5
11010001011101001001100001010011,2,2.0E-5
11010001011101001010100001010011,5,5.0E-5
11010001011101001100000001010011,1,1.0E-5
11010001011101001101000001010011,1,1.0E-5
11010001011101001101100001010011,2,2.0E-5
11010001011101010000100001010011,1,1.0E-5
11010001011101010010000001010011,1,1.0E-5
11010001011101011110100001010011,1,1.0E-5
11010001011110000010100001010011,1,1.0E-5
11010001011110000011100001010011,1,1.0E-5
11010100111111011010000001010011,1,1.0E-5
11010101010011010000000001010011,1,1.0E-5
11010101010011111111100001010011,1,1.0E-5
11010101010100100001100001010011,1,1.0E-5
11010101010100101111000001010011,1,1.0E-5
11010101010100110001100001010011,1,1.0E-5
11010101010100110010000001010011,1,1.0E-5
11010101010101001011100001010011,1,1.0E-5
11010101010101001100100001010011,1,1.0E-5
11010101010101001110000001010011,1,1.0E-5
11010101010101001110100001010011,1,1.0E-5
11010101010101010000100001010011,2,2.0E-5
11010101010101010001100001010011,1,1.0E-5
11010101010101010010000001010011,6,6.0E-5
11010101010101010010100001010011,4,4.0E-5
11010101010101010011000001010011,2,2.0E-5
11010101010101010011100001010011,6,6.0E-5
11010101010101010100000001010011,11,1.1E-4
11010101010101010100100001010011,32,3.2E-4
11010101010101010101000001010011,246,0.00246
11010101010101010101100001010011,980,0.0098
11010101010101010110000001010011,55,5.5E-4
11010101010101010110100001010011,19,1.9E-4
11010101010101010111000001010011,9,9.0E-5
11010101010101010111100001010011,5,5.0E-5
11010101010101011000000001010011,4,4.0E-5
11010101010101011000100001010011,5,5.0E-5
11010101010101011001000001010011,1,1.0E-5
11010101010101011001100001010011,2,2.0E-5
11010101010101011010000001010011,1,1.0E-5
11010101010101011100000001010011,2,2.0E-5
11010101010101011101000001010011,3,3.0E-5
11010101010101011101100001010011,2,2.0E-5
11010101010101011111000001010011,1,1.0E-5
11010101010101100010100001010011,1,1.0E-5
11010101010101100100100001010011,1,1.0E-5
11010101010101101100000001010011,1,1.0E-5
11010101010101110110100001010011,1,1.0E-5
11010101010110111110000001010011,1,1.0E-5
11011001001100110100000001010011,1,1.0E-5
11011001001101010000000001010011,1,1.0E-5
11011001001101010111100001010011,1,1.0E-5
11011001001101011000100001010011,1,1.0E-5
11011001001101011010100001010011,1,1.0E-5
11011001001101011011100001010011,1,1.0E-5
11011001001101011101000001010011,1,1.0E-5
11011001001101011110100001010011,1,1.0E-5
11011001001101011111100001010011,1,1.0E-5
11011001001101100001000001010011,3,3.0E-5
11011001001101100001100001010011,1,1.0E-5
11011001001101100010000001010011,1,1.0E-5
11011001001101100010100001010011,5,5.0E-5
11011001001101100011000001010011,6,6.0E-5
11011001001101100011100001010011,14,1.4E-4
11011001001101100100000001010011,41,4.1E-4
11011001001101100100100001010011,193,0.00193
11011001001101100101000001010011,1054,0.01054
11011001001101100101100001010011,49,4.9E-4
11011001001101100110000001010011,17,1.7E-4
11011001001101100110100001010011,11,1.1E-4
11011001001101100111000001010011,5,5.0E-5
11011001001101100111100001010011,4,4.0E-5
11011001001101101000000001010011,1,1.0E-5
11011001001101101000100001010011,1,1.0E-5
11011001001101101001000001010011,1,1.0E-5
11011001001101101010100001010011,2,2.0E-5
11011001001101101101000001010011,2,2.0E-5
11011001001101110001000001010011,1,1.0E-5
11011001001101110111100001010011,1,1.0E-5
11011001001101111001100001010011,1,1.0E-5
11011001001110011010000001010011,1,1.0E-5
11011001010000110011100001010011,1,1.0E-5
11011100111101001000000001010011,1,1.0E-5
11011101000101001100000001010011,1,1.0E-5
11011101000101011001000001010011,1,1.0E-5
11011101000101011111100001010011,1,1.0E-5
11011101000101100111000001010011,1,1.0E-5
11011101000101101001100001010011,1,1.0E-5
11011101000101101010000001010011,1,1.0E-5
11011101000101101110000001010011,2,2.0E-5
11011101000101101111100001010011,1,1.0E-5
11011101000101110000100001010011,3,3.0E-5
11011101000101110001000001010011,2,2.0E-5
11011101000101110001100001010011,2,2.0E-5
11011101000101110010000001010011,1,1.0E-5
11011101000101110010100001010011,3,3.0E-5
11011101000101110011000001010011,13,1.3E-4
11011101000101110011100001010011,27,2.7E-4
11011101000101110100000001010011,156,0.00156
11011101000101110100100001010011,1093,0.01093
11011101000101110101000001010011,51,5.1E-4
11011101000101110101100001010011,22,2.2E-4
11011101000101110110000001010011,8,8.0E-5
11011101000101110110100001010011,3,3.0E-5
11011101000101110111000001010011,2,2.0E-5
11011101000101110111100001010011,1,1.0E-5
11011101000101111010000001010011,1,1.0E-5
11011101000101111100000001010011,1,1.0E-5
11011101000101111101000001010011,3,3.0E-5
11011101000101111110000001010011,2,2.0E-5
11011101000101111110100001010011,1,1.0E-5
11011101000110000001100001010011,1,1.0E-5
11100000111100011111100001010011,1,1.0E-5
11100000111101111011100001010011,1,1.0E-5
11100000111101111100000001010011,1,1.0E-5
11100000111101111100100001010011,1,1.0E-5
11100000111101111101000001010011,1,1.0E-5
11100000111101111110000001010011,1,1.0E-5
11100000111101111111100001010011,1,1.0E-5
11100000111110000000000001010011,3,3.0E-5
11100000111110000000100001010011,2,2.0E-5
11100000111110000001000001010011,1,1.0E-5
11100000111110000001100001010011,1,1.0E-5
11100000111110000010000001010011,4,4.0E-5
11100000111110000010100001010011,9,9.0E-5
11100000111110000011000001010011,27,2.7E-4
11100000111110000011100001010011,112,0.00112
11100000111110000100000001010011,1113,0.01113
11100000111110000100100001010011,52,5.2E-4
11100000111110000101000001010011,17,1.7E-4
11100000111110000101100001010011,7,7.0E-5
11100000111110000110000001010011,4,4.0E-5
11100000111110000110100001010011,7,7.0E-5
11100000111110000111100001010011,2,2.0E-5
11100000111110001010000001010011,1,1.0E-5
11100000111110001010100001010011,1,1.0E-5
11100000111110001100000001010011,1,1.0E-5
11100000111110010000000001010011,1,1.0E-5
11100000111110010000100001010011,1,1.0E-5
11100000111110010011100001010011,1,1.0E-5
11100000111110110000100001010011,1,1.0E-5
11100001001000100000000001010011,1,1.0E-5
11100100110110000010000001010011,1,1.0E-5
11100100110110000110000001010011,1,1.0E-5
11100100110110001001000001010011,1,1.0E-5
11100100110110001011100001010011,1,1.0E-5
11100100110110001100100001010011,2,2.0E-5
11100100110110001111000001010011,4,4.0E-5
11100100110110001111100001010011,1,1.0E-5
11100100110110010000000001010011,4,4.0E-5
11100100110110010001000001010011,4,4.0E-5
11100100110110010001100001010011,2,2.0E-5
11100100110110010010000001010011,2,2.0E-5
11100100110110010010100001010011,14,1.4E-4
11100100110110010011000001010011,93,9.3E-4
11100100110110010011100001010011,1218,0.01218
11100100110110010100000001010011,51,5.1E-4
11100100110110010100100001010011,15,1.5E-4
11100100110110010101000001010011,3,3.0E-5
11100100110110010110000001010011,2,2.0E-5
11100100110110010110100001010011,4,4.0E-5
11100100110110010111000001010011,3,3.0E-5
11100100110110011000000001010011,1,1.0E-5
11100100110110011001000001010011,1,1.0E-5
11100100110110011010100001010011,1,1.0E-5
11101000101110010001100001010011,1,1.0E-5
11101000101110010111000001010011,1,1.0E-5
11101000101110011010100001010011,2,2.0E-5
11101000101110011101100001010011,1,1.0E-5
11101000101110100000100001010011,2,2.0E-5
11101000101110100001000001010011,3,3.0E-5
11101000101110100001100001010011,7,7.0E-5
11101000101110100010000001010011,9,9.0E-5
11101000101110100010100001010011,59,5.9E-4
11101000101110100011000001010011,1261,0.01261
11101000101110100011100001010011,29,2.9E-4
11101000101110100100000001010011,6,6.0E-5
11101000101110100100100001010011,3,3.0E-5
11101000101110100101000001010011,2,2.0E-5
11101000101110100101100001010011,1,1.0E-5
11101000101110100110000001010011,1,1.0E-5
11101000101110100110100001010011,3,3.0E-5
11101000101110100111000001010011,1,1.0E-5
11101000101110101011100001010011,1,1.0E-5
11101000101111001100000001010011,1,1.0E-5
11101100100101110010000001010011,1,1.0E-5
11101100100110101110000001010011,1,1.0E-5
11101100100110101111000001010011,1,1.0E-5
11101100100110101111100001010011,2,2.0E-5
11101100100110110000000001010011,2,2.0E-5
11101100100110110000100001010011,3,3.0E-5
11101100100110110001000001010011,3,3.0E-5
11101100100110110001100001010011,10,1.0E-4
11101100100110110010000001010011,35,3.5E-4
11101100100110110010100001010011,1293,0.01293
11101100100110110011000001010011,20,2.0E-4
11101100100110110011100001010011,7,7.0E-5
11101100100110110100000001010011,4,4.0E-5
11101100100110110100100001010011,2,2.0E-5
11101100100110110101000001010011,3,3.0E-5
11101100100110110101100001010011,3,3.0E-5
11101100100110110110000001010011,1,1.0E-5
11101100100110110110100001010011,3,3.0E-5
11101100100110110111000001010011,1,1.0E-5
11101100100110111010000001010011,1,1.0E-5
11101100100110111010100001010011,1,1.0E-5
11110000011110110111100001010011,1,1.0E-5
11110000011110111101100001010011,1,1.0E-5
11110000011110111111000001010011,1,1.0E-5
11110000011110111111100001010011,1,1.0E-5
11110000011111000000000001010011,1,1.0E-5
11110000011111000000100001010011,3,3.0E-5
11110000011111000001000001010011,6,6.0E-5
11110000011111000001100001010011,28,2.8E-4
11110000011111000010000001010011,1366,0.01366
11110000011111000010100001010011,23,2.3E-4
11110000011111000011000001010011,6,6.0E-5
11110000011111000011100001010011,1,1.0E-5
11110000011111000100000001010011,1,1.0E-5
11110000011111000100100001010011,1,1.0E-5
11110000011111000110000001010011,1,1.0E-5
11110100010110000110000001010011,1,1.0E-5
11110100010110111000100001010011,1,1.0E-5
11110100010111010000000001010011,2,2.0E-5
11110100010111010000100001010011,6,6.0E-5
11110100010111010001000001010011,15,1.5E-4
11110100010111010001100001010011,1335,0.01335
11110100010111010010000001010011,17,1.7E-4
11110100010111010010100001010011,3,3.0E-5
11110100010111010011000001010011,2,2.0E-5
11110100010111011000000001010011,1,1.0E-5
11111000001111011010100001010011,1,1.0E-5
11111000001111011110100001010011,1,1.0E-5
11111000001111011111000001010011,2,2.0E-5
11111000001111011111100001010011,1,1.0E-5
11111000001111100000000001010011,3,3.0E-5
11111000001111100000100001010011,5,5.0E-5
11111000001111100001000001010011,1447,0.01447
11111000001111100001100001010011,5,5.0E-5
11111000001111100010100001010011,1,1.0E-5
11111000001111100011000001010011,1,1.0E-5
11111100000111101111100001010011,1,1.0E-5
11111100000111110000100001010011,1406,0.01406
11111100000111110001000001010011,1,1.0E-5
11111100000111110001100001010011,2,2.0E-5
