state,frequency,pct
00000000000000000000000001111001111,4,4.0E-5
00000000001101010100100001111001111,5,5.0E-5
00000000011010101001000001111001111,4,4.0E-5
00000000100111111101100001111001111,4,4.0E-5
00000000110101010010000001111001111,8,8.0E-5
00000001000010100110100001111001111,2,2.0E-5
00000001001111111011000001111001111,4,4.0E-5
00000001011101001111011001111001111,1,1.0E-5
00000001011101001111100001111001111,4,4.0E-5
00000001101010100100000001111001111,3,3.0E-5
00000001110111111000100001111001111,5,5.0E-5
00000010000101001101000001111001111,3,3.0E-5
00000010010010100001100001111001111,3,3.0E-5
00000010011111110110000001111001111,2,2.0E-5
00000010101101001010011001111001111,1,1.0E-5
00000010101101001010100001111001111,6,6.0E-5
00000010111010011111000001111001111,7,7.0E-5
00000011000111110010111001111001111,1,1.0E-5
00000011000111110011100001111001111,3,3.0E-5
00000011010101001000000001111001111,2,2.0E-5
00000011100010011100100001111001111,1,1.0E-5
00000011100010011100110001111001111,1,1.0E-5
00000011101111110001000001111001111,3,3.0E-5
00000011111101000101100001111001111,2,2.0E-5
00000100001010011010000001111001111,5,5.0E-5
00000100010111101110100001111001111,2,2.0E-5
00000100100101000011000001111001111,2,2.0E-5
00000100110010010111001001111001111,1,1.0E-5
00000100110010010111100001111001111,1,1.0E-5
00000100111111101100000001111001111,5,5.0E-5
00000101001101000000100001111001111,7,7.0E-5
00000101001101000000101001111001111,1,1.0E-5
00000101011010010100111001111001111,1,1.0E-5
00000101011010010101000001111001111,3,3.0E-5
00000101100111101001100001111001111,1,1.0E-5
00000101110100111110000001111001111,4,4.0E-5
00000110000010010010100001111001111,2,2.0E-5
00000110001111100111000001111001111,1,1.0E-5
00000110011100111011100001111001111,5,5.0E-5
00000110101010010000000001111001111,1,1.0E-5
00000110110111100100100001111001111,6,6.0E-5
00000111000100111001000001111001111,3,3.0E-5
00000111010010001101100001111001111,1,1.0E-5
00000111011111100010000001111001111,3,3.0E-5
00000111101100110110100001111001111,4,4.0E-5
00000111111010001011000001111001111,1,1.0E-5
00000111111010001011001001111001111,1,1.0E-5
00001000000111011111011001111001111,1,1.0E-5
00001000000111011111100001111001111,1,1.0E-5
00001000010100110100000001111001111,3,3.0E-5
00001000100010001000100001111001111,1,1.0E-5
00001000100010001000101001111001111,1,1.0E-5
00001000101111011101000001111001111,4,4.0E-5
00001000111100110001100001111001111,3,3.0E-5
00001001001010000110000001111001111,2,2.0E-5
00001001010111011010010001111001111,1,1.0E-5
00001001010111011010100001111001111,4,4.0E-5
00001001010111011010101001111001111,1,1.0E-5
00001001100100101111000001111001111,2,2.0E-5
00001001110010000011011001111001111,1,1.0E-5
00001001110010000011100001111001111,2,2.0E-5
00001001111111011000000001111001111,4,4.0E-5
00001010001100101100100001111001111,2,2.0E-5
00001010001100101100101001111001111,3,3.0E-5
00001010011010000001000001111001111,2,2.0E-5
00001010011010000001010001111001111,1,1.0E-5
00001010011010000011010001111001111,1,1.0E-5
00001010100111010101100001111001111,7,7.0E-5
00001010110100101010000001111001111,1,1.0E-5
00001011000001111110100001111001111,1,1.0E-5
00001011001111010011000001111001111,3,3.0E-5
00001011011100100111100001111001111,4,4.0E-5
00001011101001111100000001111001111,4,4.0E-5
00001011101001111100001001111001111,1,1.0E-5
00001011101001111100010001111001111,1,1.0E-5
00001011101011011111101001111001111,47749,0.47749
00001011110111010000100001111001111,1,1.0E-5
00001100000100100101000001111001111,2,2.0E-5
00001100000100100101001001111001111,1,1.0E-5
00001100000100100101010001111001111,1,1.0E-5
00001100010001111001100001111001111,1,1.0E-5
00001100010001111001101001111001111,2,2.0E-5
00001100011111001101110001111001111,1,1.0E-5
00001100011111001101111001111001111,1,1.0E-5
00001100011111001110000001111001111,3,3.0E-5
00001100011111001110001001111001111,1,1.0E-5
00001100011111001110010001111001111,1,1.0E-5
00001100101100100001100001111001111,1,1.0E-5
00001100101100100010100001111001111,1,1.0E-5
00001100101100100010101001111001111,1,1.0E-5
00001100111001110111000001111001111,3,3.0E-5
00001100111001110111001001111001111,2,2.0E-5
00001101000111001011100001111001111,4,4.0E-5
00001101000111001011101001111001111,1,1.0E-5
00001101010100100000000001111001111,1,1.0E-5
00001101100001110100011001111001111,1,1.0E-5
00001101100001110100100001111001111,2,2.0E-5
00001101100001110100101001111001111,5,5.0E-5
00001101101111001001000001111001111,3,3.0E-5
00001101111100011101100001111001111,1,1.0E-5
00001101111100011101101001111001111,2,2.0E-5
00001101111100011101111001111001111,1,1.0E-5
00001110001001110010000001111001111,2,2.0E-5
00001110001001110010001001111001111,1,1.0E-5
00001110010111000110101001111001111,7,7.0E-5
00001110010111000110110001111001111,1,1.0E-5
00001110100100011011000001111001111,2,2.0E-5
00001110100100011011001001111001111,1,1.0E-5
00001110111111000100000001111001111,1,1.0E-5
00001110111111000100001001111001111,1,1.0E-5
00001110111111000100010001111001111,1,1.0E-5
00001111001100011000100001111001111,1,1.0E-5
00001111001100011000101001111001111,1,1.0E-5
00001111001100011000110001111001111,1,1.0E-5
00001111011001101100111001111001111,1,1.0E-5
00001111011001101101000001111001111,2,2.0E-5
00001111011001101101001001111001111,2,2.0E-5
00001111100111000001100001111001111,3,3.0E-5
00001111100111000001101001111001111,1,1.0E-5
00001111110100010110000001111001111,2,2.0E-5
00001111110100010110001001111001111,2,2.0E-5
00010000000001101010100001111001111,2,2.0E-5
00010000000001101010101001111001111,3,3.0E-5
00010000001110111110111001111001111,1,1.0E-5
00010000001110111111000001111001111,1,1.0E-5
00010000001110111111010001111001111,1,1.0E-5
00010000001110111111100001111001111,1,1.0E-5
00010000011100010011100001111001111,2,2.0E-5
00010000011100010011101001111001111,2,2.0E-5
00010000101001101000000001111001111,2,2.0E-5
00010000101001101000001001111001111,2,2.0E-5
00010000110110111100100001111001111,2,2.0E-5
00010000110110111100101001111001111,2,2.0E-5
00010001000100010001000001111001111,1,1.0E-5
00010001000100010001001001111001111,5,5.0E-5
00010001000100010001010001111001111,1,1.0E-5
00010001010001100101101001111001111,1,1.0E-5
00010001011110111001110001111001111,1,1.0E-5
00010001011110111010000001111001111,1,1.0E-5
00010001011110111010011001111001111,1,1.0E-5
00010001101100001110100001111001111,1,1.0E-5
00010001101100001110101001111001111,1,1.0E-5
00010001101100001111010001111001111,1,1.0E-5
00010001101100001111011001111001111,1,1.0E-5
00010010010100001100000001111001111,3,3.0E-5
00010010010100001100001001111001111,2,2.0E-5
00010010010100001100101001111001111,1,1.0E-5
00010010100001100000100001111001111,1,1.0E-5
00010010100001100000101001111001111,2,2.0E-5
00010010111100001001101001111001111,1,1.0E-5
00010011001001011110001001111001111,4,4.0E-5
00010011010110110010100001111001111,2,2.0E-5
00010011010110110010101001111001111,3,3.0E-5
00010011110001011011100001111001111,2,2.0E-5
00010011110001011011101001111001111,1,1.0E-5
00010011111110110000000001111001111,1,1.0E-5
00010011111110110000001001111001111,3,3.0E-5
00010100001100000100101001111001111,1,1.0E-5
00010100001100000100110001111001111,1,1.0E-5
00010100001100000101010001111001111,1,1.0E-5
00010100011001011001000001111001111,2,2.0E-5
00010100011001011001001001111001111,2,2.0E-5
00010100100110101101101001111001111,4,4.0E-5
00010100100110101101110001111001111,2,2.0E-5
00010100110100000010000001111001111,1,1.0E-5
00010100110100000010010001111001111,1,1.0E-5
00010101000001010110011001111001111,1,1.0E-5
00010101000001010110101001111001111,1,1.0E-5
00010101001110101011001001111001111,3,3.0E-5
00010101001110101011010001111001111,1,1.0E-5
00010101011011111111101001111001111,4,4.0E-5
00010101101001010100001001111001111,3,3.0E-5
00010101101001010101001001111001111,1,1.0E-5
00010101110110101000011001111001111,1,1.0E-5
00010101110110101000100001111001111,3,3.0E-5
00010101110110101000101001111001111,3,3.0E-5
00010110000011111101001001111001111,4,4.0E-5
00010110000011111101010001111001111,1,1.0E-5
00010110010001010001101001111001111,3,3.0E-5
00010110011110100101110001111001111,1,1.0E-5
00010110011110100110000001111001111,1,1.0E-5
00010110011110100110001001111001111,1,1.0E-5
00010110101011111010011001111001111,1,1.0E-5
00010110101011111010101001111001111,4,4.0E-5
00010110111001001111000001111001111,1,1.0E-5
00010110111001001111001001111001111,3,3.0E-5
00010111000110100011010001111001111,1,1.0E-5
00010111010011111000001001111001111,2,2.0E-5
00010111100001001010101001111001111,1,1.0E-5
00010111100001001100100001111001111,1,1.0E-5
00010111100001001100101001111001111,4,4.0E-5
00010111101110100000111001111001111,1,1.0E-5
00010111101110100001001001111001111,4,4.0E-5
00010111111011110101101001111001111,2,2.0E-5
00011000001001001010001001111001111,2,2.0E-5
00011000010110011110100001111001111,1,1.0E-5
00011000010110011110101001111001111,5,5.0E-5
00011000100011110011000001111001111,1,1.0E-5
00011000100011110011001001111001111,3,3.0E-5
00011000110001000111011001111001111,1,1.0E-5
00011000110001000111101001111001111,4,4.0E-5
00011000111110011100001001111001111,2,2.0E-5
00011001001011110000101001111001111,1,1.0E-5
00011001001011110000110001111001111,1,1.0E-5
00011001011001000101000001111001111,1,1.0E-5
00011001011001000101001001111001111,5,5.0E-5
00011001100110011001101001111001111,1,1.0E-5
00011001110011101110001001111001111,4,4.0E-5
00011010000001000010101001111001111,2,2.0E-5
00011010001110010111001001111001111,7,7.0E-5
00011010011011101011101001111001111,1,1.0E-5
00011010101001000000001001111001111,3,3.0E-5
00011011000011101001000001111001111,1,1.0E-5
00011011000011101001001001111001111,1,1.0E-5
00011011010000111101101001111001111,1,1.0E-5
00011011010000111101110001111001111,1,1.0E-5
00011011011110010010001001111001111,2,2.0E-5
00011011101011100110101001111001111,3,3.0E-5
00011011111000111011001001111001111,4,4.0E-5
00011100000110001111101001111001111,3,3.0E-5
00011100010011100100001001111001111,2,2.0E-5
00011100100000111000101001111001111,1,1.0E-5
00011100101110001101001001111001111,4,4.0E-5
00011100111011100001101001111001111,3,3.0E-5
00011101001000110110001001111001111,3,3.0E-5
00011101010110001010101001111001111,5,5.0E-5
00011101100011011111001001111001111,1,1.0E-5
00011101110000110011101001111001111,3,3.0E-5
00011101111110001000001001111001111,5,5.0E-5
00011110001011011100101001111001111,5,5.0E-5
00011110011000110001001001111001111,2,2.0E-5
00011110100110000101101001111001111,3,3.0E-5
00011110110011011010001001111001111,7,7.0E-5
00011111000000101110101001111001111,2,2.0E-5
00011111001110000011001001111001111,4,4.0E-5
00011111011011010111101001111001111,6,6.0E-5
00011111101000101100001001111001111,1,1.0E-5
00011111110110000000101001111001111,3,3.0E-5
00100000000011010101001001111001111,3,3.0E-5
00100000010000101001101001111001111,5,5.0E-5
00100000011101111110001001111001111,4,4.0E-5
00100000101011010010101001111001111,3,3.0E-5
00100000111000100111001001111001111,3,3.0E-5
00100001000101111011101001111001111,4,4.0E-5
00100001010011010000001001111001111,6,6.0E-5
00100001100000100100101001111001111,6,6.0E-5
00100001101101111001001001111001111,3,3.0E-5
00100001111011001101101001111001111,4,4.0E-5
00100010001000100010001001111001111,4,4.0E-5
00100010010101110110101001111001111,5,5.0E-5
00100010100011001011001001111001111,8,8.0E-5
00100010110000011111101001111001111,3,3.0E-5
00100010111101110100001001111001111,6,6.0E-5
00100011001011001000101001111001111,9,9.0E-5
00100011001011001000110001111001111,1,1.0E-5
00100011011000011101001001111001111,2,2.0E-5
00100011100101110001101001111001111,1,1.0E-5
00100011110011000110001001111001111,5,5.0E-5
00100100000000011010010001111001111,1,1.0E-5
00100100000000011010101001111001111,4,4.0E-5
00100100001101101111001001111001111,4,4.0E-5
00100100011011000011101001111001111,6,6.0E-5
00100100101000011000001001111001111,3,3.0E-5
00100100110101101100101001111001111,3,3.0E-5
00100101000011000001001001111001111,4,4.0E-5
00100101000011000001010001111001111,1,1.0E-5
00100101010000010101101001111001111,2,2.0E-5
00100101011101101010000001111001111,1,1.0E-5
00100101011101101010001001111001111,4,4.0E-5
00100101101010111110101001111001111,1,1.0E-5
00100101111000010011001001111001111,7,7.0E-5
00100110000101100111101001111001111,4,4.0E-5
00100110010010111100001001111001111,4,4.0E-5
00100110100000010000101001111001111,4,4.0E-5
00100110111010111001101001111001111,3,3.0E-5
00100111001000001110001001111001111,5,5.0E-5
00100111010101100010101001111001111,3,3.0E-5
00100111010101100010110001111001111,1,1.0E-5
00100111100010110111000001111001111,1,1.0E-5
00100111100010110111001001111001111,2,2.0E-5
00100111110000001011101001111001111,2,2.0E-5
00100111111101100000001001111001111,3,3.0E-5
00101000001010110100100001111001111,1,1.0E-5
00101000001010110100101001111001111,3,3.0E-5
00101000001010110100111001111001111,1,1.0E-5
00101000011000001001001001111001111,2,2.0E-5
00101000011000001001010001111001111,1,1.0E-5
00101000100101011101101001111001111,4,4.0E-5
00101000110010110010001001111001111,3,3.0E-5
00101001000000000110101001111001111,2,2.0E-5
00101001000000000110110001111001111,1,1.0E-5
00101001000000000111000001111001111,1,1.0E-5
00101001001101011011001001111001111,7,7.0E-5
00101001001101011011010001111001111,1,1.0E-5
00101001011010101111101001111001111,4,4.0E-5
00101001011010101111110001111001111,1,1.0E-5
00101001011010101111111001111001111,1,1.0E-5
00101001101000000100001001111001111,3,3.0E-5
00101001101000000100010001111001111,1,1.0E-5
00101001101000000100011001111001111,1,1.0E-5
00101001110101011000101001111001111,1,1.0E-5
00101001110101011000110001111001111,1,1.0E-5
00101010000010101101001001111001111,2,2.0E-5
00101010000010101101010001111001111,1,1.0E-5
00101010010000000001100001111001111,1,1.0E-5
00101010010000000001101001111001111,6,6.0E-5
00101010011101010110001001111001111,1,1.0E-5
00101010011101010110010001111001111,1,1.0E-5
00101010110111111111001001111001111,1,1.0E-5
00101010110111111111010001111001111,1,1.0E-5
00101011000101010011101001111001111,2,2.0E-5
00101011010010101000001001111001111,3,3.0E-5
00101011010010101000010001111001111,1,1.0E-5
00101011010010101000011001111001111,1,1.0E-5
00101011011111111100101001111001111,4,4.0E-5
00101011011111111100110001111001111,1,1.0E-5
00101011101101010001000001111001111,1,1.0E-5
00101011101101010001001001111001111,1,1.0E-5
00101100000111111010001001111001111,1,1.0E-5
00101100000111111010010001111001111,3,3.0E-5
00101100010101001110101001111001111,3,3.0E-5
00101100100010100011001001111001111,4,4.0E-5
00101100100010100011010001111001111,1,1.0E-5
00101100100010100011011001111001111,1,1.0E-5
00101100101111110111101001111001111,1,1.0E-5
00101100101111110111110001111001111,1,1.0E-5
00101100111101001100001001111001111,4,4.0E-5
00101101001010100000101001111001111,1,1.0E-5
00101101001010100000110001111001111,2,2.0E-5
00101101010111110101000001111001111,1,1.0E-5
00101101010111110101001001111001111,2,2.0E-5
00101101100101001001101001111001111,2,2.0E-5
00101101100101001001110001111001111,2,2.0E-5
00101101110010011110000001111001111,1,1.0E-5
00101101110010011110001001111001111,3,3.0E-5
00101101110010011110010001111001111,1,1.0E-5
00101101111111110010100001111001111,1,1.0E-5
00101101111111110010101001111001111,2,2.0E-5
00101101111111110010110001111001111,1,1.0E-5
00101110001101000111001001111001111,2,2.0E-5
00101110001101000111010001111001111,1,1.0E-5
00101110011010011011101001111001111,2,2.0E-5
00101110011010011011110001111001111,3,3.0E-5
00101110100111110000001001111001111,2,2.0E-5
00101110100111110000010001111001111,3,3.0E-5
00101110110101000100101001111001111,1,1.0E-5
00101111000010011000100001111001111,1,1.0E-5
00101111001111101101100001111001111,1,1.0E-5
00101111001111101101101001111001111,3,3.0E-5
00101111001111101101110001111001111,2,2.0E-5
00101111101010010110101001111001111,1,1.0E-5
00101111101010010110110001111001111,1,1.0E-5
00101111110111101011010001111001111,1,1.0E-5
00110000000100111111101001111001111,2,2.0E-5
00110000000100111111110001111001111,2,2.0E-5
00110000010010010100001001111001111,1,1.0E-5
00110000010010010100010001111001111,5,5.0E-5
00110000011111101000011001111001111,1,1.0E-5
00110000011111101000101001111001111,3,3.0E-5
00110000011111101000110001111001111,3,3.0E-5
00110000101100111101001001111001111,1,1.0E-5
00110000101100111101010001111001111,3,3.0E-5
00110000101100111101011001111001111,2,2.0E-5
00110001000111100101100001111001111,1,1.0E-5
00110001000111100110001001111001111,1,1.0E-5
00110001000111100110010001111001111,1,1.0E-5
00110001010100111010101001111001111,1,1.0E-5
00110001010100111010110001111001111,1,1.0E-5
00110001100010001111010001111001111,2,2.0E-5
00110001101111100010011001111001111,1,1.0E-5
00110001101111100011001001111001111,1,1.0E-5
00110001101111100011101001111001111,3,3.0E-5
00110001101111100011110001111001111,3,3.0E-5
00110001111100111000000001111001111,1,1.0E-5
00110001111100111000010001111001111,4,4.0E-5
00110010001010001100101001111001111,3,3.0E-5
00110010010111100001001001111001111,3,3.0E-5
00110010010111100001010001111001111,1,1.0E-5
00110010100100110101101001111001111,1,1.0E-5
00110010100100110101110001111001111,3,3.0E-5
00110010110010001010010001111001111,2,2.0E-5
00110010111111011110011001111001111,1,1.0E-5
00110010111111011110101001111001111,1,1.0E-5
00110010111111011110110001111001111,1,1.0E-5
00110011001100110011001001111001111,2,2.0E-5
00110011011010000101110001111001111,1,1.0E-5
00110011011010000111101001111001111,2,2.0E-5
00110011011010000111110001111001111,5,5.0E-5
00110011100111011100001001111001111,1,1.0E-5
00110011100111011100010001111001111,4,4.0E-5
00110011100111011101000001111001111,1,1.0E-5
00110011110100110000110001111001111,1,1.0E-5
00110100000010000101010001111001111,2,2.0E-5
00110100001111011001101001111001111,1,1.0E-5
00110100001111011001110001111001111,1,1.0E-5
00110100001111011100010001111001111,1,1.0E-5
00110100011100101110000001111001111,1,1.0E-5
00110100011100101110010001111001111,2,2.0E-5
00110100011100101110011001111001111,1,1.0E-5
00110100101010000010101001111001111,1,1.0E-5
00110100101010000010110001111001111,1,1.0E-5
00110100110111010111010001111001111,4,4.0E-5
00110100110111011000010001111001111,1,1.0E-5
00110101000100101011101001111001111,1,1.0E-5
00110101000100101011110001111001111,7,7.0E-5
00110101010010000000001001111001111,1,1.0E-5
00110101011111010100101001111001111,1,1.0E-5
00110101011111010100110001111001111,4,4.0E-5
00110101101100101001000001111001111,1,1.0E-5
00110101101100101001001001111001111,1,1.0E-5
00110101101100101001010001111001111,4,4.0E-5
00110101111001111101110001111001111,5,5.0E-5
00110110000111010001010001111001111,1,1.0E-5
00110110000111010010001001111001111,1,1.0E-5
00110110000111010010010001111001111,2,2.0E-5
00110110010100100110110001111001111,7,7.0E-5
00110110100001111010100001111001111,1,1.0E-5
00110110100001111011001001111001111,1,1.0E-5
00110110100001111011010001111001111,4,4.0E-5
00110110101111001111110001111001111,8,8.0E-5
00110110111100100100010001111001111,2,2.0E-5
00110110111100100100011001111001111,1,1.0E-5
00110111001001111000110001111001111,4,4.0E-5
00110111010111001101001001111001111,1,1.0E-5
00110111010111001101010001111001111,4,4.0E-5
00110111100100100001101001111001111,2,2.0E-5
00110111100100100001110001111001111,2,2.0E-5
00110111110001110110010001111001111,2,2.0E-5
00110111111111001010110001111001111,4,4.0E-5
00111000001100011111000001111001111,1,1.0E-5
00111000001100011111010001111001111,2,2.0E-5
00111000011001110011110001111001111,5,5.0E-5
00111000011001110100001001111001111,1,1.0E-5
00111000100111001000010001111001111,1,1.0E-5
00111000110100011100110001111001111,2,2.0E-5
00111001000001110001010001111001111,2,2.0E-5
00111001001111000101100001111001111,1,1.0E-5
00111001001111000101110001111001111,1,1.0E-5
00111001011100011010010001111001111,8,8.0E-5
00111001011100011010011001111001111,1,1.0E-5
00111001101001101110101001111001111,1,1.0E-5
00111001101001101110110001111001111,6,6.0E-5
00111001110111000011010001111001111,1,1.0E-5
00111001110111000011101001111001111,1,1.0E-5
00111010000100010111110001111001111,3,3.0E-5
00111010000100010111111001111001111,1,1.0E-5
00111010010001101100010001111001111,2,2.0E-5
00111010011111000000110001111001111,3,3.0E-5
00111010101100010101010001111001111,3,3.0E-5
00111010111001101001110001111001111,6,6.0E-5
00111011010100010010110001111001111,2,2.0E-5
00111011100001100111001001111001111,1,1.0E-5
00111011100001100111010001111001111,2,2.0E-5
00111011101110111011110001111001111,2,2.0E-5
00111011111100010000010001111001111,1,1.0E-5
00111100001001100100110001111001111,2,2.0E-5
00111100010110111001010001111001111,9,9.0E-5
00111100100100001101110001111001111,5,5.0E-5
00111100110001100010001001111001111,1,1.0E-5
00111100110001100010010001111001111,5,5.0E-5
00111100111110110110110001111001111,4,4.0E-5
00111101001100001011010001111001111,3,3.0E-5
00111101011001011111110001111001111,4,4.0E-5
00111101100110110100010001111001111,3,3.0E-5
00111101110100001000110001111001111,4,4.0E-5
00111110000001011101010001111001111,6,6.0E-5
00111110001110110001110001111001111,7,7.0E-5
00111110011100000110010001111001111,2,2.0E-5
00111110101001011010110001111001111,4,4.0E-5
00111110110110101111010001111001111,1,1.0E-5
00111111000100000011110001111001111,8,8.0E-5
00111111010001011000010001111001111,4,4.0E-5
00111111011110101100110001111001111,2,2.0E-5
00111111101100000001010001111001111,5,5.0E-5
00111111111001010101110001111001111,5,5.0E-5
01000000000110101010010001111001111,1,1.0E-5
01000000010011111110110001111001111,3,3.0E-5
01000000100001010011010001111001111,2,2.0E-5
01000000101110100111110001111001111,5,5.0E-5
01000000111011111100010001111001111,4,4.0E-5
01000001001001010000110001111001111,4,4.0E-5
01000001010110100101010001111001111,4,4.0E-5
01000001100011111001110001111001111,6,6.0E-5
01000001110001001110010001111001111,2,2.0E-5
01000001111110100010110001111001111,3,3.0E-5
01000010001011110111010001111001111,7,7.0E-5
01000010011001001011110001111001111,2,2.0E-5
01000010100110100000010001111001111,3,3.0E-5
01000010110011110100110001111001111,2,2.0E-5
01000010110011110101001001111001111,1,1.0E-5
01000011000001001001010001111001111,3,3.0E-5
01000011001110011101110001111001111,4,4.0E-5
01000011011011110010010001111001111,1,1.0E-5
01000011101001000110110001111001111,3,3.0E-5
01000011110110011011010001111001111,5,5.0E-5
01000100000011101111110001111001111,4,4.0E-5
01000100010001000100010001111001111,1,1.0E-5
01000100011110011000110001111001111,7,7.0E-5
01000100101011101011111001111001111,1,1.0E-5
01000100101011101101010001111001111,5,5.0E-5
01000100111001000001110001111001111,5,5.0E-5
01000100111001000010000001111001111,1,1.0E-5
01000101000110010110010001111001111,3,3.0E-5
01000101010011101010110001111001111,2,2.0E-5
01000101100000111111010001111001111,2,2.0E-5
01000101101110010011110001111001111,4,4.0E-5
01000101111011101000010001111001111,6,6.0E-5
01000110001000111100110001111001111,4,4.0E-5
01000110001000111100111001111001111,1,1.0E-5
01000110010110010001010001111001111,7,7.0E-5
01000110010110010001011001111001111,2,2.0E-5
01000110100011100101110001111001111,3,3.0E-5
01000110110000111010010001111001111,4,4.0E-5
01000110110000111010101001111001111,1,1.0E-5
01000110111110000101010001111001111,1,1.0E-5
01000110111110001110110001111001111,6,6.0E-5
01000111001011100011001001111001111,1,1.0E-5
01000111001011100011010001111001111,4,4.0E-5
01000111001011100011011001111001111,1,1.0E-5
01000111001011100011100001111001111,1,1.0E-5
01000111011000110111110001111001111,3,3.0E-5
01000111100110001100010001111001111,4,4.0E-5
01000111110011100000110001111001111,1,1.0E-5
01000111110011100001100001111001111,1,1.0E-5
01001000000000110101010001111001111,5,5.0E-5
01001000000000110101011001111001111,1,1.0E-5
01001000001110001001110001111001111,4,4.0E-5
01001000001110001010000001111001111,1,1.0E-5
01001000011011011101111001111001111,1,1.0E-5
01001000011011011110000001111001111,1,1.0E-5
01001000101000110010110001111001111,1,1.0E-5
01001000110110000111010001111001111,3,3.0E-5
01001000110110000111011001111001111,1,1.0E-5
01001001000011011011110001111001111,4,4.0E-5
01001001010000110000010001111001111,2,2.0E-5
01001001011110000100110001111001111,4,4.0E-5
01001001011110000100111001111001111,1,1.0E-5
01001001101011011001010001111001111,6,6.0E-5
01001001111000101101110001111001111,5,5.0E-5
01001001111000101110000001111001111,1,1.0E-5
01001010000110000010010001111001111,4,4.0E-5
01001010000110000010011001111001111,1,1.0E-5
01001010000110000010110001111001111,1,1.0E-5
01001010010011010110110001111001111,2,2.0E-5
01001010010011010111011001111001111,1,1.0E-5
01001010100000101010110001111001111,1,1.0E-5
01001010100000101011010001111001111,2,2.0E-5
01001010101101111111110001111001111,5,5.0E-5
01001010101110000000010001111001111,1,1.0E-5
01001010111011010100010001111001111,3,3.0E-5
01001011001000101000110001111001111,2,2.0E-5
01001011001000101001000001111001111,1,1.0E-5
01001011010101111101010001111001111,1,1.0E-5
01001011010101111101011001111001111,1,1.0E-5
01001011010101111101100001111001111,1,1.0E-5
01001011010101111101101001111001111,1,1.0E-5
01001011100011010001110001111001111,1,1.0E-5
01001011100011010001111001111001111,1,1.0E-5
01001011110000100010100001111001111,1,1.0E-5
01001011110000100101100001111001111,1,1.0E-5
01001011110000100110010001111001111,3,3.0E-5
01001011111101111010110001111001111,3,3.0E-5
01001011111101111010111001111001111,1,1.0E-5
01001011111101111011011001111001111,1,1.0E-5
01001100001011001111011001111001111,2,2.0E-5
01001100011000100011110001111001111,2,2.0E-5
01001100100101111000010001111001111,3,3.0E-5
01001100110011001101001001111001111,1,1.0E-5
01001101000000100001010001111001111,4,4.0E-5
01001101001101110101111001111001111,3,3.0E-5
01001101011011001010010001111001111,1,1.0E-5
01001101011011001010011001111001111,2,2.0E-5
01001101101000011110110001111001111,2,2.0E-5
01001101110101110011010001111001111,3,3.0E-5
01001101110101110011011001111001111,1,1.0E-5
01001110000011000111110001111001111,1,1.0E-5
01001110000011000111111001111001111,2,2.0E-5
01001110010000011011111001111001111,1,1.0E-5
01001110010000011100001001111001111,1,1.0E-5
01001110010000011100010001111001111,3,3.0E-5
01001110011101110000110001111001111,1,1.0E-5
01001110011101110000111001111001111,2,2.0E-5
01001110011101110001000001111001111,1,1.0E-5
01001110101011000101010001111001111,4,4.0E-5
01001110101011000101011001111001111,1,1.0E-5
01001110111000011001000001111001111,1,1.0E-5
01001110111000011001110001111001111,1,1.0E-5
01001110111000011001111001111001111,2,2.0E-5
01001110111000011010000001111001111,1,1.0E-5
01001111000101101110010001111001111,4,4.0E-5
01001111000101101110110001111001111,1,1.0E-5
01001111010011000010101001111001111,1,1.0E-5
01001111010011000010110001111001111,3,3.0E-5
01001111010011000010111001111001111,2,2.0E-5
01001111100000010110111001111001111,1,1.0E-5
01001111100000010111010001111001111,1,1.0E-5
01001111100000010111011001111001111,3,3.0E-5
01001111100000010111100001111001111,1,1.0E-5
01001111101101101011111001111001111,1,1.0E-5
01001111111011000000010001111001111,2,2.0E-5
01001111111011000000011001111001111,1,1.0E-5
01010000001000010100111001111001111,1,1.0E-5
01010000010101101001001001111001111,1,1.0E-5
01010000010101101001010001111001111,2,2.0E-5
01010000010101101001011001111001111,3,3.0E-5
01010000010101101001100001111001111,1,1.0E-5
01010000010101101101100001111001111,1,1.0E-5
01010000100010111101110001111001111,1,1.0E-5
01010000100010111101111001111001111,3,3.0E-5
01010000100010111110011001111001111,1,1.0E-5
01010000110000010010010001111001111,4,4.0E-5
01010000110000010010011001111001111,2,2.0E-5
01010000111101100110110001111001111,1,1.0E-5
01010000111101100111000001111001111,1,1.0E-5
01010001001010111011000001111001111,1,1.0E-5
01010001011000001111110001111001111,2,2.0E-5
01010001100101100100010001111001111,1,1.0E-5
01010001100101100100011001111001111,1,1.0E-5
01010001110010111000110001111001111,1,1.0E-5
01010001110010111000111001111001111,2,2.0E-5
01010010000000001101011001111001111,3,3.0E-5
01010010001101100001111001111001111,2,2.0E-5
01010010011010110110011001111001111,3,3.0E-5
01010010011010110110101001111001111,1,1.0E-5
01010010101000001010110001111001111,1,1.0E-5
01010010101000001010111001111001111,2,2.0E-5
01010011000010110011110001111001111,3,3.0E-5
01010011000010110011111001111001111,6,6.0E-5
01010011010000001000010001111001111,2,2.0E-5
01010011010000001000011001111001111,1,1.0E-5
01010011011101011100100001111001111,1,1.0E-5
01010011011101011100110001111001111,3,3.0E-5
01010011011101011100111001111001111,1,1.0E-5
01010011011101011101011001111001111,1,1.0E-5
01010011101010110001011001111001111,5,5.0E-5
01010011111000000110000001111001111,1,1.0E-5
01010100000101011010010001111001111,2,2.0E-5
01010100000101011010011001111001111,7,7.0E-5
01010100010010101110111001111001111,2,2.0E-5
01010100100000000011010001111001111,1,1.0E-5
01010100101101010111101001111001111,1,1.0E-5
01010100101101010111110001111001111,2,2.0E-5
01010100101101010111111001111001111,1,1.0E-5
01010100111010101100010001111001111,2,2.0E-5
01010100111010101100011001111001111,4,4.0E-5
01010100111010101110101001111001111,1,1.0E-5
01010101001000000000101001111001111,1,1.0E-5
01010101001000000000110001111001111,1,1.0E-5
01010101001000000000111001111001111,4,4.0E-5
01010101001000000001001001111001111,1,1.0E-5
01010101010101010101011001111001111,2,2.0E-5
01010101100010101001110001111001111,1,1.0E-5
01010101100010101001111001111001111,2,2.0E-5
01010101101111111110011001111001111,1,1.0E-5
01010101111101010010110001111001111,1,1.0E-5
01010101111101010010111001111001111,3,3.0E-5
01010110001010100111011001111001111,2,2.0E-5
01010110010111111011111001111001111,2,2.0E-5
01010110100101010000011001111001111,1,1.0E-5
01010110110010100100110001111001111,2,2.0E-5
01010110110010100100111001111001111,2,2.0E-5
01010110111111111001011001111001111,3,3.0E-5
01010111001101001101110001111001111,1,1.0E-5
01010111001101001101111001111001111,3,3.0E-5
01010111011010100010010001111001111,2,2.0E-5
01010111011010100010011001111001111,5,5.0E-5
01010111100111110110101001111001111,1,1.0E-5
01010111100111110110110001111001111,1,1.0E-5
01010111100111110110111001111001111,4,4.0E-5
01010111110101001010110001111001111,1,1.0E-5
01010111110101001011011001111001111,5,5.0E-5
01011000000010011111111001111001111,4,4.0E-5
01011000001111110011111001111001111,1,1.0E-5
01011000001111110100010001111001111,2,2.0E-5
01011000001111110100011001111001111,6,6.0E-5
01011000011101001000111001111001111,4,4.0E-5
01011000101010011101010001111001111,4,4.0E-5
01011000101010011101100001111001111,1,1.0E-5
01011000110111110001111001111001111,6,6.0E-5
01011001000101000110010001111001111,1,1.0E-5
01011001000101000110011001111001111,4,4.0E-5
01011001010010011010111001111001111,2,2.0E-5
01011001011111101111010001111001111,1,1.0E-5
01011001011111101111011001111001111,2,2.0E-5
01011001101101000011111001111001111,4,4.0E-5
01011001111010011000011001111001111,4,4.0E-5
01011010000111101100110001111001111,1,1.0E-5
01011010000111101100111001111001111,4,4.0E-5
01011010010101000001011001111001111,2,2.0E-5
01011010010101000001101001111001111,1,1.0E-5
01011010100010010101111001111001111,5,5.0E-5
01011010101111101010011001111001111,1,1.0E-5
01011010111100111110111001111001111,4,4.0E-5
01011011001010010011011001111001111,6,6.0E-5
01011011010111100111111001111001111,3,3.0E-5
01011011100100111100011001111001111,3,3.0E-5
01011011110010010000111001111001111,3,3.0E-5
01011011111111100101011001111001111,5,5.0E-5
01011100001100111001111001111001111,5,5.0E-5
01011100011010001110011001111001111,6,6.0E-5
01011100100111100010110001111001111,1,1.0E-5
01011100100111100010111001111001111,3,3.0E-5
01011100110100110111011001111001111,3,3.0E-5
01011101000010001011111001111001111,7,7.0E-5
01011101001111100000011001111001111,6,6.0E-5
01011101011100110100111001111001111,2,2.0E-5
01011101101010001001011001111001111,1,1.0E-5
01011101101010001001101001111001111,1,1.0E-5
01011101110111011101111001111001111,3,3.0E-5
01011110000100110010011001111001111,6,6.0E-5
01011110011111011010011001111001111,1,1.0E-5
01011110011111011011011001111001111,3,3.0E-5
01011110101100101111111001111001111,5,5.0E-5
01011110111010000100011001111001111,3,3.0E-5
01011111000111011000111001111001111,4,4.0E-5
01011111010100101101011001111001111,1,1.0E-5
01011111100010000001111001111001111,5,5.0E-5
01011111101111010110011001111001111,3,3.0E-5
01011111111100101010111001111001111,1,1.0E-5
01100000001001111111011001111001111,6,6.0E-5
01100000010111010011111001111001111,4,4.0E-5
01100000100100101000011001111001111,7,7.0E-5
01100000110001111100111001111001111,2,2.0E-5
01100000111111010001011001111001111,4,4.0E-5
01100001001100100101111001111001111,3,3.0E-5
01100001011001111010011001111001111,1,1.0E-5
01100001100111001110111001111001111,4,4.0E-5
01100001110100100011011001111001111,3,3.0E-5
01100010000001110111111001111001111,4,4.0E-5
01100010001111001100011001111001111,1,1.0E-5
01100010011100100000111001111001111,5,5.0E-5
01100010101001110101011001111001111,4,4.0E-5
01100010110111001001111001111001111,1,1.0E-5
01100011000100011110011001111001111,4,4.0E-5
01100011010001110010111001111001111,3,3.0E-5
01100011010001110011000001111001111,1,1.0E-5
01100011011111000111011001111001111,3,3.0E-5
01100011101100011011111001111001111,5,5.0E-5
01100011111001110000011001111001111,1,1.0E-5
01100100000111000100111001111001111,5,5.0E-5
01100100010100011001011001111001111,6,6.0E-5
01100100100001101101111001111001111,3,3.0E-5
01100100101111000010011001111001111,3,3.0E-5
01100100111100010110111001111001111,4,4.0E-5
01100101001001101011011001111001111,3,3.0E-5
01100101010110111111111001111001111,2,2.0E-5
01100101100100010100011001111001111,1,1.0E-5
01100101100100010100101001111001111,1,1.0E-5
01100101110001101000011001111001111,1,1.0E-5
01100101110001101000111001111001111,1,1.0E-5
01100101111110111101011001111001111,5,5.0E-5
01100110001100010001111001111001111,4,4.0E-5
01100110001100010010000001111001111,1,1.0E-5
01100110011001100110011001111001111,3,3.0E-5
01100110100110111010111001111001111,4,4.0E-5
01100110110100001111011001111001111,4,4.0E-5
01100111000001100011111001111001111,3,3.0E-5
01100111000001100100000001111001111,1,1.0E-5
01100111000001100100001001111001111,1,1.0E-5
01100111001110111000011001111001111,2,2.0E-5
01100111001110111000100001111001111,1,1.0E-5
01100111011100001100111001111001111,2,2.0E-5
01100111011100001101000001111001111,1,1.0E-5
01100111101001100001011001111001111,6,6.0E-5
01100111110110110101110001111001111,1,1.0E-5
01100111110110110101111001111001111,1,1.0E-5
01100111110110110110010001111001111,1,1.0E-5
01101000000100001010011001111001111,4,4.0E-5
01101000010001011110111001111001111,1,1.0E-5
01101000010001011111000001111001111,1,1.0E-5
01101000010001011111101001111001111,1,1.0E-5
01101000011110110011011001111001111,1,1.0E-5
01101000011110110011100001111001111,2,2.0E-5
01101000111001011100011001111001111,4,4.0E-5
01101000111001011101000001111001111,1,1.0E-5
01101001000110110000111001111001111,1,1.0E-5
01101001010100000101011001111001111,4,4.0E-5
01101001010100000101110001111001111,1,1.0E-5
01101001010100000110000001111001111,1,1.0E-5
01101001100001011001101001111001111,1,1.0E-5
01101001100001011001110001111001111,1,1.0E-5
01101001100001011001111001111001111,6,6.0E-5
01101001101110101101111001111001111,1,1.0E-5
01101001101110101110010001111001111,1,1.0E-5
01101001101110101110011001111001111,5,5.0E-5
01101001111100000010111001111001111,2,2.0E-5
01101010001001010111011001111001111,2,2.0E-5
01101010010110101011100001111001111,1,1.0E-5
01101010010110101011111001111001111,2,2.0E-5
01101010010110101100000001111001111,3,3.0E-5
01101010100100000000011001111001111,2,2.0E-5
01101010100100000000100001111001111,1,1.0E-5
01101010110001010100111001111001111,4,4.0E-5
01101010110001010101000001111001111,1,1.0E-5
01101010111110101001000001111001111,1,1.0E-5
01101010111110101001011001111001111,3,3.0E-5
01101010111110101001100001111001111,1,1.0E-5
01101011001011111101111001111001111,5,5.0E-5
01101011001011111110001001111001111,1,1.0E-5
01101011001011111110110001111001111,1,1.0E-5
01101011011001010010011001111001111,2,2.0E-5
01101011100110100110110001111001111,1,1.0E-5
01101011100110100110111001111001111,4,4.0E-5
01101011100110100111000001111001111,1,1.0E-5
01101011100110100111011001111001111,1,1.0E-5
01101011110011111011011001111001111,3,3.0E-5
01101100000001001111111001111001111,2,2.0E-5
01101100000001010000000001111001111,1,1.0E-5
01101100001110100100001001111001111,1,1.0E-5
01101100001110100100011001111001111,5,5.0E-5
01101100001110100100100001111001111,2,2.0E-5
01101100011011111000111001111001111,3,3.0E-5
01101100101001001101011001111001111,3,3.0E-5
01101100101001001101100001111001111,1,1.0E-5
01101100110110100001110001111001111,1,1.0E-5
01101100110110100001111001111001111,1,1.0E-5
01101100110110100010000001111001111,2,2.0E-5
01101100110110100010010001111001111,1,1.0E-5
01101101000011110110011001111001111,4,4.0E-5
01101101000011110110100001111001111,1,1.0E-5
01101101010001001010001001111001111,1,1.0E-5
01101101010001001011000001111001111,1,1.0E-5
01101101011110011111011001111001111,2,2.0E-5
01101101011110011111101001111001111,1,1.0E-5
01101101101011110011111001111001111,2,2.0E-5
01101101111001001000011001111001111,2,2.0E-5
01101101111001001000100001111001111,1,1.0E-5
01101110000110011100111001111001111,7,7.0E-5
01101110010011110001011001111001111,4,4.0E-5
01101110010011110001100001111001111,3,3.0E-5
01101110100001000101111001111001111,2,2.0E-5
01101110100001000110000001111001111,1,1.0E-5
01101110101110011010011001111001111,3,3.0E-5
01101110111011101110111001111001111,3,3.0E-5
01101110111011101111000001111001111,1,1.0E-5
01101111001001000011000001111001111,1,1.0E-5
01101111010110010111010001111001111,1,1.0E-5
01101111010110010111111001111001111,3,3.0E-5
01101111100011101100010001111001111,1,1.0E-5
01101111100011101100011001111001111,1,1.0E-5
01101111100011101100100001111001111,2,2.0E-5
01101111110001000000111001111001111,1,1.0E-5
01101111111110010101001001111001111,1,1.0E-5
01101111111110010101011001111001111,2,2.0E-5
01110000001011101001111001111001111,1,1.0E-5
01110000001011101010000001111001111,2,2.0E-5
01110000011000111110100001111001111,1,1.0E-5
01110000100110010010111001111001111,2,2.0E-5
01110000100110010011000001111001111,1,1.0E-5
01110000110011100111001001111001111,1,1.0E-5
01110001000000111011111001111001111,2,2.0E-5
01110001000000111100000001111001111,1,1.0E-5
01110001001110001111111001111001111,1,1.0E-5
01110001001110010000011001111001111,2,2.0E-5
01110001001110010000100001111001111,1,1.0E-5
01110001001110101100010001111001111,1,1.0E-5
01110001011011100100101001111001111,1,1.0E-5
01110001011011100101000001111001111,5,5.0E-5
01110001011011100101010001111001111,1,1.0E-5
01110001101000111001011001111001111,1,1.0E-5
01110001101000111001100001111001111,1,1.0E-5
01110001110110001101111001111001111,1,1.0E-5
01110001110110001110000001111001111,2,2.0E-5
01110010000011100010011001111001111,2,2.0E-5
01110010000011100010100001111001111,3,3.0E-5
01110010000011100010101001111001111,1,1.0E-5
01110010010000110110110001111001111,1,1.0E-5
01110010010000110111000001111001111,3,3.0E-5
01110010011110001011100001111001111,2,2.0E-5
01110010101011011111111001111001111,1,1.0E-5
01110010101011100000000001111001111,3,3.0E-5
01110010101011100000001001111001111,1,1.0E-5
01110010111000110100011001111001111,1,1.0E-5
01110010111000110100100001111001111,5,5.0E-5
01110010111000110110000001111001111,1,1.0E-5
01110011000110001000110001111001111,1,1.0E-5
01110011000110001000111001111001111,1,1.0E-5
01110011000110001001000001111001111,2,2.0E-5
01110011010011000101001001111001111,1,1.0E-5
01110011100000110010000001111001111,3,3.0E-5
01110011101110000110100001111001111,2,2.0E-5
01110011111011011011000001111001111,3,3.0E-5
01110011111011011011010001111001111,1,1.0E-5
01110100001000101111100001111001111,1,1.0E-5
01110100010110000011101001111001111,1,1.0E-5
01110100010110000011111001111001111,2,2.0E-5
01110100010110000100000001111001111,1,1.0E-5
01110100100011011000100001111001111,1,1.0E-5
01110100100011011000111001111001111,1,1.0E-5
01110100110000101101000001111001111,2,2.0E-5
01110100111110000001100001111001111,2,2.0E-5
01110100111110000001101001111001111,1,1.0E-5
01110100111110000001111001111001111,1,1.0E-5
01110101001011010110000001111001111,2,2.0E-5
01110101011000101010011001111001111,1,1.0E-5
01110101011000101010100001111001111,4,4.0E-5
01110101100101111110111001111001111,1,1.0E-5
01110101100101111111000001111001111,2,2.0E-5
01110101100101111111001001111001111,1,1.0E-5
01110110000000101000000001111001111,3,3.0E-5
01110110001101111100100001111001111,4,4.0E-5
01110110001101111100101001111001111,1,1.0E-5
01110110011011001111001001111001111,1,1.0E-5
01110110011011010001000001111001111,2,2.0E-5
01110110101000100101011001111001111,1,1.0E-5
01110110101000100101100001111001111,6,6.0E-5
01110110101000100110111001111001111,1,1.0E-5
01110110110101111010000001111001111,3,3.0E-5
01110111000011001110100001111001111,2,2.0E-5
01110111010000100011000001111001111,3,3.0E-5
01110111010000100011010001111001111,1,1.0E-5
01110111011101110111100001111001111,1,1.0E-5
01110111101011001100000001111001111,4,4.0E-5
01110111111000100000100001111001111,4,4.0E-5
01111000000101110100001001111001111,1,1.0E-5
01111000000101110101000001111001111,5,5.0E-5
01111000010011001001100001111001111,3,3.0E-5
01111000010011001001101001111001111,1,1.0E-5
01111000010011001001111001111001111,1,1.0E-5
01111000100000011101111001111001111,1,1.0E-5
01111000100000011110000001111001111,6,6.0E-5
01111000100000011110010001111001111,1,1.0E-5
01111000101101110010100001111001111,1,1.0E-5
01111000111011000111000001111001111,5,5.0E-5
01111001001000011011011001111001111,1,1.0E-5
01111001001000011011100001111001111,2,2.0E-5
01111001010101110000000001111001111,2,2.0E-5
01111001100011000100100001111001111,2,2.0E-5
01111001110000011001000001111001111,3,3.0E-5
01111010001011000010000001111001111,4,4.0E-5
01111010011000010110100001111001111,5,5.0E-5
01111010100101101011000001111001111,2,2.0E-5
01111010100101101011001001111001111,1,1.0E-5
01111010110010111111100001111001111,2,2.0E-5
01111011000000010100000001111001111,4,4.0E-5
01111011001101101000100001111001111,4,4.0E-5
01111011011010111100111001111001111,1,1.0E-5
01111011011010111101000001111001111,3,3.0E-5
01111011101000010001100001111001111,3,3.0E-5
01111011110101100110000001111001111,2,2.0E-5
01111100000010111010100001111001111,3,3.0E-5
01111100010000001111000001111001111,5,5.0E-5
01111100011101100011100001111001111,2,2.0E-5
01111100101010111000000001111001111,3,3.0E-5
01111100111000001100100001111001111,3,3.0E-5
01111101000101100001000001111001111,2,2.0E-5
01111101010010110101100001111001111,4,4.0E-5
01111101100000001010000001111001111,6,6.0E-5
01111101101101011110100001111001111,5,5.0E-5
01111101111010110010111001111001111,1,1.0E-5
01111101111010110011000001111001111,5,5.0E-5
01111110010101011100000001111001111,8,8.0E-5
01111110100010110000100001111001111,3,3.0E-5
01111110110000000101000001111001111,4,4.0E-5
01111110111101011001100001111001111,4,4.0E-5
01111111001010101110000001111001111,2,2.0E-5
01111111011000000010100001111001111,6,6.0E-5
01111111100101010111000001111001111,5,5.0E-5
01111111110010101011100001111001111,6,6.0E-5
10000000000000000000000001111001111,2,2.0E-5
10000000001101010100100001111001111,2,2.0E-5
10000000011010101001000001111001111,4,4.0E-5
10000000100111111101100001111001111,6,6.0E-5
10000000110101010010000001111001111,2,2.0E-5
10000001000010100110100001111001111,7,7.0E-5
10000001001111111011000001111001111,6,6.0E-5
10000001011101001111100001111001111,6,6.0E-5
10000001101010100100000001111001111,1,1.0E-5
10000001110111111000100001111001111,6,6.0E-5
10000010000101001101000001111001111,4,4.0E-5
10000010010010100001100001111001111,3,3.0E-5
10000010011111110110000001111001111,3,3.0E-5
10000010101101001010100001111001111,3,3.0E-5
10000010111010011111000001111001111,1,1.0E-5
10000011000111110011100001111001111,4,4.0E-5
10000011010101001000000001111001111,3,3.0E-5
10000011100010011100100001111001111,2,2.0E-5
10000011101111110001000001111001111,4,4.0E-5
10000011111101000101100001111001111,4,4.0E-5
10000100001010011010000001111001111,4,4.0E-5
10000100010111101110100001111001111,1,1.0E-5
10000100100101000011000001111001111,5,5.0E-5
10000100110010010111100001111001111,4,4.0E-5
10000100111111101100010001111001111,1,1.0E-5
10000101001101000000100001111001111,1,1.0E-5
10000101001101000000101001111001111,1,1.0E-5
10000101011010010101000001111001111,2,2.0E-5
10000101100111101001100001111001111,6,6.0E-5
10000101100111101011110001111001111,1,1.0E-5
10000101110100111110000001111001111,1,1.0E-5
10000110000010010010100001111001111,1,1.0E-5
10000110001111100111000001111001111,4,4.0E-5
10000110011100111011010001111001111,1,1.0E-5
10000110011100111011100001111001111,4,4.0E-5
10000110101010010000000001111001111,6,6.0E-5
10000110101010010000001001111001111,1,1.0E-5
10000110110111100100100001111001111,6,6.0E-5
10000110110111100100110001111001111,1,1.0E-5
10000111000100111001000001111001111,2,2.0E-5
10000111010010001101100001111001111,6,6.0E-5
10000111011111100010000001111001111,5,5.0E-5
10000111011111100010001001111001111,3,3.0E-5
10000111101100110110100001111001111,2,2.0E-5
10000111111010001011000001111001111,4,4.0E-5
10000111111010001011001001111001111,1,1.0E-5
10001000000111011111100001111001111,3,3.0E-5
10001000000111011111101001111001111,1,1.0E-5
10001000010100110100000001111001111,3,3.0E-5
10001000100010001000100001111001111,6,6.0E-5
10001000101111011101000001111001111,3,3.0E-5
10001000111100110001100001111001111,4,4.0E-5
10001001001010000110000001111001111,2,2.0E-5
10001001001010000110001001111001111,2,2.0E-5
10001001001010000110011001111001111,1,1.0E-5
10001001010111011010100001111001111,3,3.0E-5
10001001100100101111000001111001111,4,4.0E-5
10001001100100101111011001111001111,1,1.0E-5
10001001110010000011100001111001111,1,1.0E-5
10001001110010000011101001111001111,1,1.0E-5
10001001111111011000000001111001111,3,3.0E-5
10001001111111011000001001111001111,1,1.0E-5
10001010011010000001000001111001111,1,1.0E-5
10001010100111010101100001111001111,2,2.0E-5
10001010100111010101101001111001111,1,1.0E-5
10001010110100101001101001111001111,1,1.0E-5
10001010110100101010000001111001111,2,2.0E-5
10001010110100101010001001111001111,1,1.0E-5
10001011000001111110011001111001111,1,1.0E-5
10001011000001111110100001111001111,4,4.0E-5
10001011001111010011000001111001111,3,3.0E-5
10001011001111010011011001111001111,1,1.0E-5
10001011011100100110001001111001111,1,1.0E-5
10001011011100100110111001111001111,1,1.0E-5
10001011011100100111011001111001111,1,1.0E-5
10001011011100100111100001111001111,2,2.0E-5
10001011011100100111110001111001111,1,1.0E-5
10001011101001111100000001111001111,2,2.0E-5
10001011101001111100001001111001111,1,1.0E-5
10001011101011011111101001111001111,47687,0.47687
10001011110111001110101001111001111,1,1.0E-5
10001011110111001111110001111001111,1,1.0E-5
10001011110111010000100001111001111,1,1.0E-5
10001011110111010001000001111001111,1,1.0E-5
10001100010001111001100001111001111,1,1.0E-5
10001100010001111001101001111001111,4,4.0E-5
10001100011111001110000001111001111,2,2.0E-5
10001100101100100010100001111001111,3,3.0E-5
10001100111001110100111001111001111,1,1.0E-5
10001100111001110111001001111001111,1,1.0E-5
10001101000111001011100001111001111,2,2.0E-5
10001101000111001100011001111001111,1,1.0E-5
10001101010100100000000001111001111,3,3.0E-5
10001101010100100000001001111001111,2,2.0E-5
10001101100001110100001001111001111,1,1.0E-5
10001101100001110100100001111001111,1,1.0E-5
10001101100001110100101001111001111,1,1.0E-5
10001101101111000111011001111001111,1,1.0E-5
10001101101111001001000001111001111,2,2.0E-5
10001101101111001001001001111001111,2,2.0E-5
10001101111100011101100001111001111,2,2.0E-5
10001101111100011101101001111001111,1,1.0E-5
10001110001001110010000001111001111,2,2.0E-5
10001110010111000110000001111001111,1,1.0E-5
10001110010111000110101001111001111,2,2.0E-5
10001110010111000111000001111001111,1,1.0E-5
10001110100100011011000001111001111,1,1.0E-5
10001110100100011011001001111001111,2,2.0E-5
10001110100100011011100001111001111,1,1.0E-5
10001110100100011011101001111001111,1,1.0E-5
10001110110001101111101001111001111,2,2.0E-5
10001110111111000100000001111001111,3,3.0E-5
10001110111111000100001001111001111,1,1.0E-5
10001111001100011000010001111001111,1,1.0E-5
10001111001100011000100001111001111,1,1.0E-5
10001111001100011000101001111001111,1,1.0E-5
10001111011001101101000001111001111,2,2.0E-5
10001111011001101101001001111001111,2,2.0E-5
10001111011001101101010001111001111,1,1.0E-5
10001111011001101101011001111001111,1,1.0E-5
10001111100111000001101001111001111,1,1.0E-5
10001111110100010101110001111001111,1,1.0E-5
10001111110100010101111001111001111,1,1.0E-5
10001111110100010110000001111001111,1,1.0E-5
10001111110100010110001001111001111,1,1.0E-5
10001111110100010110010001111001111,1,1.0E-5
10001111110100010110011001111001111,1,1.0E-5
10010000000001101010100001111001111,1,1.0E-5
10010000000001101010101001111001111,1,1.0E-5
10010000001110111110110001111001111,1,1.0E-5
10010000001110111111001001111001111,2,2.0E-5
10010000001110111111010001111001111,1,1.0E-5
10010000001110111111011001111001111,1,1.0E-5
10010000011100010011101001111001111,3,3.0E-5
10010000101001101000001001111001111,2,2.0E-5
10010000110110111011110001111001111,1,1.0E-5
10010000110110111100111001111001111,1,1.0E-5
10010001000100010001000001111001111,3,3.0E-5
10010001010001100101010001111001111,1,1.0E-5
10010001010001100101101001111001111,3,3.0E-5
10010001010001100110001001111001111,1,1.0E-5
10010001011110111010000001111001111,3,3.0E-5
10010001011110111010001001111001111,1,1.0E-5
10010001101100001110100001111001111,1,1.0E-5
10010001101100001110101001111001111,1,1.0E-5
10010001111001100011000001111001111,1,1.0E-5
10010001111001100011001001111001111,2,2.0E-5
10010010000110110111101001111001111,3,3.0E-5
10010010010100001011110001111001111,1,1.0E-5
10010010010100001011111001111001111,1,1.0E-5
10010010010100001100000001111001111,1,1.0E-5
10010010010100001100001001111001111,1,1.0E-5
10010010100001011111111001111001111,1,1.0E-5
10010010100001100000100001111001111,1,1.0E-5
10010010101110110100111001111001111,1,1.0E-5
10010010111100001000100001111001111,1,1.0E-5
10010010111100001001100001111001111,1,1.0E-5
10010010111100001001101001111001111,2,2.0E-5
10010011001001011110001001111001111,3,3.0E-5
10010011010110110010100001111001111,1,1.0E-5
10010011010110110010101001111001111,2,2.0E-5
10010011010110110111010001111001111,1,1.0E-5
10010011100100000111000001111001111,2,2.0E-5
10010011100100000111001001111001111,3,3.0E-5
10010011110001011011100001111001111,1,1.0E-5
10010011110001011011101001111001111,1,1.0E-5
10010011111110110000001001111001111,3,3.0E-5
10010100001100000100100001111001111,2,2.0E-5
10010100001100000100101001111001111,2,2.0E-5
10010100011001011001000001111001111,1,1.0E-5
10010100011001011001001001111001111,1,1.0E-5
10010100100110101100111001111001111,1,1.0E-5
10010100100110101101101001111001111,1,1.0E-5
10010100100110101101110001111001111,1,1.0E-5
10010100100110101110001001111001111,1,1.0E-5
10010100110100000001001001111001111,1,1.0E-5
10010100110100000010000001111001111,2,2.0E-5
10010100110100000010001001111001111,3,3.0E-5
10010101000001010110100001111001111,1,1.0E-5
10010101000001010110101001111001111,4,4.0E-5
10010101000001010110110001111001111,1,1.0E-5
10010101001110101011000001111001111,1,1.0E-5
10010101001110101011001001111001111,3,3.0E-5
10010101011011111111100001111001111,3,3.0E-5
10010101011011111111101001111001111,1,1.0E-5
10010101101001010011111001111001111,1,1.0E-5
10010101101001010100000001111001111,1,1.0E-5
10010101101001010100001001111001111,1,1.0E-5
10010101110110101000100001111001111,1,1.0E-5
10010101110110101000101001111001111,2,2.0E-5
10010110010001010001101001111001111,5,5.0E-5
10010110011110100110001001111001111,2,2.0E-5
10010110011110100110010001111001111,1,1.0E-5
10010110011110100110011001111001111,1,1.0E-5
10010110101011111010101001111001111,3,3.0E-5
10010110111001001111000001111001111,1,1.0E-5
10010110111001001111001001111001111,4,4.0E-5
10010111000110100011101001111001111,6,6.0E-5
10010111010011111000001001111001111,3,3.0E-5
10010111100001001100101001111001111,2,2.0E-5
10010111101110100001000001111001111,1,1.0E-5
10010111101110100001001001111001111,2,2.0E-5
10010111101110100001010001111001111,1,1.0E-5
10010111111011110101101001111001111,2,2.0E-5
10011000001001001000110001111001111,1,1.0E-5
10011000001001001010001001111001111,1,1.0E-5
10011000010110011110101001111001111,4,4.0E-5
10011000100011110010111001111001111,1,1.0E-5
10011000100011110011001001111001111,2,2.0E-5
10011000110001000111101001111001111,6,6.0E-5
10011000111110011100001001111001111,4,4.0E-5
10011001001011110000101001111001111,2,2.0E-5
10011001011001000101001001111001111,2,2.0E-5
10011001011001000101011001111001111,1,1.0E-5
10011001100110011001101001111001111,1,1.0E-5
10011001110011101110000001111001111,1,1.0E-5
10011001110011101110001001111001111,2,2.0E-5
10011001110011101110010001111001111,1,1.0E-5
10011010000001000010101001111001111,5,5.0E-5
10011010011011101011101001111001111,3,3.0E-5
10011010011011101100011001111001111,1,1.0E-5
10011010101001000000001001111001111,4,4.0E-5
10011010110110010100101001111001111,3,3.0E-5
10011011000011101001001001111001111,3,3.0E-5
10011011010000111101011001111001111,1,1.0E-5
10011011010000111101101001111001111,8,8.0E-5
10011011011110010010001001111001111,2,2.0E-5
10011011101011100110101001111001111,6,6.0E-5
10011011111000111011000001111001111,1,1.0E-5
10011011111000111011001001111001111,4,4.0E-5
10011100000110001111101001111001111,1,1.0E-5
10011100000110001111110001111001111,1,1.0E-5
10011100010011100010100001111001111,1,1.0E-5
10011100010011100100001001111001111,3,3.0E-5
10011100100000111000101001111001111,3,3.0E-5
10011100101110001101001001111001111,3,3.0E-5
10011100111011100001101001111001111,4,4.0E-5
10011101001000110110001001111001111,6,6.0E-5
10011101010110001010101001111001111,2,2.0E-5
10011101100011011111001001111001111,2,2.0E-5
10011101110000110011101001111001111,7,7.0E-5
10011101111110001000000001111001111,1,1.0E-5
10011101111110001000001001111001111,3,3.0E-5
10011110001011011100101001111001111,1,1.0E-5
10011110011000110001001001111001111,3,3.0E-5
10011110100110000101101001111001111,3,3.0E-5
10011110110011011010001001111001111,5,5.0E-5
10011111000000101110101001111001111,3,3.0E-5
10011111011011010111101001111001111,2,2.0E-5
10011111101000101100001001111001111,6,6.0E-5
10011111110110000000101001111001111,1,1.0E-5
10100000000011010101001001111001111,7,7.0E-5
10100000010000101001101001111001111,6,6.0E-5
10100000011101111110001001111001111,4,4.0E-5
10100000101011010010101001111001111,1,1.0E-5
10100000111000100111001001111001111,3,3.0E-5
10100001000101111011101001111001111,5,5.0E-5
10100001010011010000001001111001111,4,4.0E-5
10100001100000100100101001111001111,2,2.0E-5
10100001101101111001001001111001111,3,3.0E-5
10100001111011001101101001111001111,6,6.0E-5
10100010001000100010001001111001111,2,2.0E-5
10100010010101110110101001111001111,5,5.0E-5
10100010100011001011001001111001111,3,3.0E-5
10100010110000011111101001111001111,5,5.0E-5
10100010111101110100001001111001111,7,7.0E-5
10100010111101111000000001111001111,1,1.0E-5
10100011001011001000101001111001111,2,2.0E-5
10100011011000011101001001111001111,4,4.0E-5
10100011100101110001101001111001111,2,2.0E-5
10100011110011000110001001111001111,4,4.0E-5
10100100000000011010101001111001111,4,4.0E-5
10100100001101101111001001111001111,5,5.0E-5
10100100011011000011101001111001111,3,3.0E-5
10100100101000011000001001111001111,1,1.0E-5
10100100110101101100101001111001111,2,2.0E-5
10100101000011000001001001111001111,4,4.0E-5
10100101010000010101101001111001111,5,5.0E-5
10100101011101101010001001111001111,3,3.0E-5
10100101101010111110101001111001111,5,5.0E-5
10100101111000010011001001111001111,1,1.0E-5
10100101111000010011010001111001111,1,1.0E-5
10100110000101100111101001111001111,5,5.0E-5
10100110000101100111110001111001111,2,2.0E-5
10100110010010111011101001111001111,1,1.0E-5
10100110010010111100001001111001111,7,7.0E-5
10100110010010111100011001111001111,1,1.0E-5
10100110100000010000101001111001111,3,3.0E-5
10100110101101100101001001111001111,2,2.0E-5
10100110101101100101010001111001111,1,1.0E-5
10100110111010111001101001111001111,2,2.0E-5
10100110111010111001110001111001111,1,1.0E-5
10100111001000001110001001111001111,2,2.0E-5
10100111010101100010101001111001111,2,2.0E-5
10100111010101100010110001111001111,1,1.0E-5
10100111100010110111001001111001111,4,4.0E-5
10100111110000001011101001111001111,5,5.0E-5
10100111111101100000001001111001111,5,5.0E-5
10101000001010110100101001111001111,3,3.0E-5
10101000011000001001001001111001111,3,3.0E-5
10101000011000001001010001111001111,1,1.0E-5
10101000100101011101011001111001111,1,1.0E-5
10101000100101011101101001111001111,3,3.0E-5
10101000110010110010001001111001111,3,3.0E-5
10101001000000000110101001111001111,4,4.0E-5
10101001001101011011000001111001111,1,1.0E-5
10101001001101011011001001111001111,3,3.0E-5
10101001001101011011110001111001111,1,1.0E-5
10101001011010101111101001111001111,4,4.0E-5
10101001101000000100001001111001111,2,2.0E-5
10101001110101011000101001111001111,6,6.0E-5
10101010000010101101001001111001111,2,2.0E-5
10101010010000000001101001111001111,2,2.0E-5
10101010010000000001110001111001111,1,1.0E-5
10101010010000000010001001111001111,1,1.0E-5
10101010011101010110001001111001111,2,2.0E-5
10101010011101010110010001111001111,2,2.0E-5
10101010101010101010101001111001111,1,1.0E-5
10101010101010101010110001111001111,2,2.0E-5
10101010110111111111001001111001111,3,3.0E-5
10101011000101010011101001111001111,4,4.0E-5
10101011010010101000001001111001111,3,3.0E-5
10101011010010101000010001111001111,1,1.0E-5
10101011011111111100101001111001111,1,1.0E-5
10101011011111111100110001111001111,1,1.0E-5
10101011011111111100111001111001111,1,1.0E-5
10101011101101010001001001111001111,4,4.0E-5
10101011101101010001100001111001111,1,1.0E-5
10101011111010100101101001111001111,2,2.0E-5
10101100000111111001110001111001111,1,1.0E-5
10101100000111111010001001111001111,3,3.0E-5
10101100000111111010110001111001111,1,1.0E-5
10101100010101001000101001111001111,1,1.0E-5
10101100010101001110100001111001111,1,1.0E-5
10101100010101001110101001111001111,3,3.0E-5
10101100010101001110110001111001111,1,1.0E-5
10101100010101001110111001111001111,1,1.0E-5
10101100100010100011000001111001111,1,1.0E-5
10101100100010100011001001111001111,3,3.0E-5
10101100100010100011010001111001111,1,1.0E-5
10101100100010100011101001111001111,1,1.0E-5
10101100101111110110011001111001111,1,1.0E-5
10101100101111110111101001111001111,4,4.0E-5
10101100101111110111110001111001111,1,1.0E-5
10101100111101001100001001111001111,1,1.0E-5
10101100111101001100010001111001111,3,3.0E-5
10101101001010100000010001111001111,1,1.0E-5
10101101001010100000101001111001111,3,3.0E-5
10101101001010100000110001111001111,2,2.0E-5
10101101001010100000111001111001111,1,1.0E-5
10101101001010100001000001111001111,1,1.0E-5
10101101010111110101001001111001111,4,4.0E-5
10101101010111110101010001111001111,2,2.0E-5
10101101100101001001101001111001111,1,1.0E-5
10101101100101001001110001111001111,1,1.0E-5
10101101100101001010010001111001111,1,1.0E-5
10101101110010011110001001111001111,1,1.0E-5
10101101110010011110010001111001111,1,1.0E-5
10101101111111110001110001111001111,1,1.0E-5
10101101111111110010011001111001111,1,1.0E-5
10101101111111110010101001111001111,1,1.0E-5
10101101111111110010110001111001111,1,1.0E-5
10101110001101000110111001111001111,1,1.0E-5
10101110001101000111000001111001111,1,1.0E-5
10101110001101000111001001111001111,2,2.0E-5
10101110011010011011101001111001111,1,1.0E-5
10101110011010011011110001111001111,1,1.0E-5
10101110100111110000001001111001111,1,1.0E-5
10101110100111110000010001111001111,1,1.0E-5
10101110101000010000000001111001111,1,1.0E-5
10101110110101000100101001111001111,3,3.0E-5
10101110110101000100110001111001111,3,3.0E-5
10101111000010011001001001111001111,2,2.0E-5
10101111000010011001010001111001111,2,2.0E-5
10101111001111101101101001111001111,2,2.0E-5
10101111011101000010001001111001111,2,2.0E-5
10101111011101000010010001111001111,1,1.0E-5
10101111011101000010011001111001111,1,1.0E-5
10101111101010010110101001111001111,4,4.0E-5
10101111101010010110110001111001111,3,3.0E-5
10101111110111101011001001111001111,2,2.0E-5
10101111110111101011010001111001111,2,2.0E-5
10110000000100111111101001111001111,1,1.0E-5
10110000010010010100000001111001111,1,1.0E-5
10110000010010010100001001111001111,3,3.0E-5
10110000011111101000101001111001111,1,1.0E-5
10110000011111101000110001111001111,1,1.0E-5
10110000101100111101001001111001111,1,1.0E-5
10110000101100111101010001111001111,2,2.0E-5
10110000111010010001101001111001111,2,2.0E-5
10110000111010010001110001111001111,3,3.0E-5
10110001000111100110001001111001111,4,4.0E-5
10110001000111100110010001111001111,1,1.0E-5
10110001010100111010101001111001111,1,1.0E-5
10110001010100111010110001111001111,1,1.0E-5
10110001010100111010111001111001111,2,2.0E-5
10110001100010001111010001111001111,2,2.0E-5
10110001101111100011101001111001111,1,1.0E-5
10110001101111100011111001111001111,1,1.0E-5
10110001111100111000010001111001111,1,1.0E-5
10110010001010001100101001111001111,2,2.0E-5
10110010010111100001001001111001111,1,1.0E-5
10110010010111100001011001111001111,1,1.0E-5
10110010010111100001100001111001111,1,1.0E-5
10110010100100110101101001111001111,1,1.0E-5
10110010110010001001000001111001111,1,1.0E-5
10110010110010001010010001111001111,3,3.0E-5
10110010111111011110100001111001111,1,1.0E-5
10110010111111011110101001111001111,1,1.0E-5
10110010111111011110110001111001111,8,8.0E-5
10110011001100110011011001111001111,1,1.0E-5
10110011011010000111110001111001111,5,5.0E-5
10110011011010000111111001111001111,1,1.0E-5
10110011100111011011101001111001111,1,1.0E-5
10110011100111011011111001111001111,1,1.0E-5
10110011100111011100001001111001111,1,1.0E-5
10110011100111011100010001111001111,4,4.0E-5
10110011110100110000101001111001111,3,3.0E-5
10110011110100110000111001111001111,1,1.0E-5
10110100000010000101010001111001111,2,2.0E-5
10110100000010000101011001111001111,1,1.0E-5
10110100001111011001101001111001111,2,2.0E-5
10110100001111011001110001111001111,1,1.0E-5
10110100011100100111001001111001111,1,1.0E-5
10110100011100101110010001111001111,1,1.0E-5
10110100101010000001110001111001111,1,1.0E-5
10110100101010000010101001111001111,1,1.0E-5
10110100101010000010110001111001111,3,3.0E-5
10110100110111010111010001111001111,1,1.0E-5
10110101000100101011101001111001111,1,1.0E-5
10110101000100101011110001111001111,3,3.0E-5
10110101010001111110111001111001111,1,1.0E-5
10110101010010000000010001111001111,1,1.0E-5
10110101011111010100110001111001111,6,6.0E-5
10110101101100101001001001111001111,1,1.0E-5
10110101101100101001010001111001111,2,2.0E-5
10110101101100101001011001111001111,1,1.0E-5
10110101111001111101110001111001111,2,2.0E-5
10110110000111010010010001111001111,6,6.0E-5
10110110010100100110110001111001111,4,4.0E-5
10110110010100100111000001111001111,1,1.0E-5
10110110100001111011010001111001111,5,5.0E-5
10110110101111001111110001111001111,1,1.0E-5
10110110111100100100001001111001111,1,1.0E-5
10110110111100100100010001111001111,6,6.0E-5
10110111001001111000101001111001111,1,1.0E-5
10110111001001111000110001111001111,5,5.0E-5
10110111010111001101010001111001111,3,3.0E-5
10110111100100100001100001111001111,1,1.0E-5
10110111100100100001110001111001111,1,1.0E-5
10110111100100100001111001111001111,1,1.0E-5
10110111110001110110010001111001111,4,4.0E-5
10110111111111001010101001111001111,1,1.0E-5
10110111111111001010110001111001111,4,4.0E-5
10111000001100011111000001111001111,1,1.0E-5
10111000001100011111010001111001111,4,4.0E-5
10111000001100011111100001111001111,1,1.0E-5
10111000011001110011110001111001111,4,4.0E-5
10111000100111001000010001111001111,6,6.0E-5
10111000110100011100101001111001111,1,1.0E-5
10111000110100011100110001111001111,4,4.0E-5
10111000110100011101010001111001111,1,1.0E-5
10111001000001110001010001111001111,1,1.0E-5
10111001001111000110001001111001111,1,1.0E-5
10111001011100011010001001111001111,1,1.0E-5
10111001011100011010010001111001111,4,4.0E-5
10111001101001101110011001111001111,1,1.0E-5
10111001101001101110110001111001111,4,4.0E-5
10111001110111000011010001111001111,2,2.0E-5
10111010000100010111011001111001111,1,1.0E-5
10111010000100010111101001111001111,1,1.0E-5
10111010000100010111110001111001111,2,2.0E-5
10111010010001101100010001111001111,5,5.0E-5
10111010011111000000110001111001111,3,3.0E-5
10111010011111000000111001111001111,1,1.0E-5
10111010101100010101000001111001111,1,1.0E-5
10111010101100010101010001111001111,4,4.0E-5
10111010101100010110000001111001111,1,1.0E-5
10111010111001101001110001111001111,2,2.0E-5
10111011000110111110010001111001111,3,3.0E-5
10111011010100010010110001111001111,6,6.0E-5
10111011100001100111001001111001111,1,1.0E-5
10111011100001100111010001111001111,2,2.0E-5
10111011101110111011101001111001111,2,2.0E-5
10111011111100010000010001111001111,1,1.0E-5
10111100001001100100101001111001111,1,1.0E-5
10111100001001100100110001111001111,1,1.0E-5
10111100010110111001010001111001111,5,5.0E-5
10111100100100001101011001111001111,1,1.0E-5
10111100100100001101110001111001111,3,3.0E-5
10111100110001100010010001111001111,2,2.0E-5
10111100111110110110110001111001111,2,2.0E-5
10111101001100001011010001111001111,3,3.0E-5
10111101011001011111110001111001111,2,2.0E-5
10111101100110110100010001111001111,4,4.0E-5
10111101110100001000110001111001111,1,1.0E-5
10111110000001011101010001111001111,1,1.0E-5
10111110001110110001110001111001111,3,3.0E-5
10111110011100000110010001111001111,9,9.0E-5
10111110101001011010110001111001111,5,5.0E-5
10111110110110101111010001111001111,1,1.0E-5
10111111000100000011110001111001111,4,4.0E-5
10111111010001011000010001111001111,3,3.0E-5
10111111011110101100110001111001111,4,4.0E-5
10111111101100000001010001111001111,3,3.0E-5
10111111111001010101110001111001111,5,5.0E-5
11000000000110101010010001111001111,4,4.0E-5
11000000010011111110110001111001111,2,2.0E-5
11000000100001010011010001111001111,2,2.0E-5
11000000101110100111110001111001111,8,8.0E-5
11000000111011111100010001111001111,4,4.0E-5
11000001001001010000110001111001111,4,4.0E-5
11000001010110100101010001111001111,2,2.0E-5
11000001110001001110010001111001111,4,4.0E-5
11000001111110100010110001111001111,2,2.0E-5
11000010001011110111010001111001111,3,3.0E-5
11000010100110100000010001111001111,5,5.0E-5
11000010110011110100110001111001111,5,5.0E-5
11000011000001001001010001111001111,3,3.0E-5
11000011001110011101110001111001111,3,3.0E-5
11000011011011110010010001111001111,2,2.0E-5
11000011101001000110110001111001111,5,5.0E-5
11000011110110011011010001111001111,6,6.0E-5
11000100000011101111110001111001111,4,4.0E-5
11000100000011110000000001111001111,1,1.0E-5
11000100010001000100010001111001111,2,2.0E-5
11000100011110011000110001111001111,4,4.0E-5
11000100101011101101010001111001111,2,2.0E-5
11000100111001000001110001111001111,3,3.0E-5
11000100111001000010001001111001111,1,1.0E-5
11000101000110010110010001111001111,4,4.0E-5
11000101010011101010110001111001111,5,5.0E-5
11000101100000111111010001111001111,1,1.0E-5
11000101101110010011101001111001111,1,1.0E-5
11000101101110010011110001111001111,3,3.0E-5
11000101111011101000010001111001111,2,2.0E-5
11000110001000111100101001111001111,1,1.0E-5
11000110001000111100110001111001111,3,3.0E-5
11000110010110010001010001111001111,3,3.0E-5
11000110100011100101100001111001111,1,1.0E-5
11000110100011100101110001111001111,5,5.0E-5
11000110110000111010010001111001111,3,3.0E-5
11000110111110001110001001111001111,1,1.0E-5
11000110111110001110110001111001111,2,2.0E-5
11000110111110001111000001111001111,1,1.0E-5
11000111001011100011010001111001111,1,1.0E-5
11000111011000110111110001111001111,2,2.0E-5
11000111011000110111111001111001111,1,1.0E-5
11000111100110001100001001111001111,1,1.0E-5
11000111100110001100010001111001111,4,4.0E-5
11000111110011100000110001111001111,5,5.0E-5
11001000000000110101010001111001111,2,2.0E-5
11001000001110001001101001111001111,1,1.0E-5
11001000001110001001110001111001111,4,4.0E-5
11001000011011011110010001111001111,3,3.0E-5
11001000011011011110011001111001111,1,1.0E-5
11001000101000110001111001111001111,1,1.0E-5
11001000101000110010110001111001111,4,4.0E-5
11001000110110000111010001111001111,5,5.0E-5
11001001000011011011110001111001111,5,5.0E-5
11001001000011011011111001111001111,1,1.0E-5
11001001010000110000010001111001111,5,5.0E-5
11001001010000110000011001111001111,1,1.0E-5
11001001011110000100110001111001111,1,1.0E-5
11001001011110000100111001111001111,1,1.0E-5
11001001101011011001010001111001111,2,2.0E-5
11001001101011011001100001111001111,1,1.0E-5
11001001111000101101110001111001111,7,7.0E-5
11001001111000101101111001111001111,1,1.0E-5
11001010000110000010010001111001111,1,1.0E-5
11001010000110000010011001111001111,1,1.0E-5
11001010010011010110110001111001111,4,4.0E-5
11001010100000101011000001111001111,1,1.0E-5
11001010100000101011010001111001111,8,8.0E-5
11001010100000101011110001111001111,1,1.0E-5
11001010100000111001111001111001111,1,1.0E-5
11001010101101111111110001111001111,2,2.0E-5
11001010101110000000000001111001111,1,1.0E-5
11001010111011010100100001111001111,1,1.0E-5
11001011001000101000110001111001111,3,3.0E-5
11001011001000101000111001111001111,1,1.0E-5
11001011010101111101001001111001111,1,1.0E-5
11001011010101111101010001111001111,2,2.0E-5
11001011010101111101011001111001111,1,1.0E-5
11001011100011010001110001111001111,4,4.0E-5
11001011100011010001111001111001111,1,1.0E-5
11001011110000010010100001111001111,1,1.0E-5
11001011110000100110010001111001111,5,5.0E-5
11001011110000100110011001111001111,1,1.0E-5
11001011111101111010110001111001111,4,4.0E-5
11001100001011001111010001111001111,4,4.0E-5
11001100001011001111011001111001111,4,4.0E-5
11001100011000100011110001111001111,2,2.0E-5
11001100011000100011111001111001111,1,1.0E-5
11001100100101110111111001111001111,1,1.0E-5
11001100100101111000010001111001111,4,4.0E-5
11001100100101111000011001111001111,2,2.0E-5
11001100110011001100110001111001111,3,3.0E-5
11001100110011001100111001111001111,1,1.0E-5
11001101000000100001001001111001111,1,1.0E-5
11001101000000100001010001111001111,3,3.0E-5
11001101000000100001011001111001111,1,1.0E-5
11001101001101110101100001111001111,1,1.0E-5
11001101001101110101110001111001111,2,2.0E-5
11001101011011001010010001111001111,2,2.0E-5
11001101011011001010011001111001111,3,3.0E-5
11001101101000011110111001111001111,1,1.0E-5
11001101110101110011011001111001111,2,2.0E-5
11001101110101110011100001111001111,1,1.0E-5
11001101110101110011101001111001111,1,1.0E-5
11001110000011000111101001111001111,1,1.0E-5
11001110000011000111110001111001111,3,3.0E-5
11001110000011000111111001111001111,1,1.0E-5
11001110010000011100000001111001111,1,1.0E-5
11001110010000011100011001111001111,1,1.0E-5
11001110011101110000110001111001111,1,1.0E-5
11001110101011000101010001111001111,1,1.0E-5
11001110101011000101011001111001111,1,1.0E-5
11001110111000011001100001111001111,1,1.0E-5
11001110111000011001101001111001111,1,1.0E-5
11001110111000011001110001111001111,1,1.0E-5
11001110111000011001111001111001111,3,3.0E-5
11001111000101101110010001111001111,2,2.0E-5
11001111000101101110011001111001111,1,1.0E-5
11001111000101101110100001111001111,1,1.0E-5
11001111000101110000011001111001111,1,1.0E-5
11001111010011000010111001111001111,1,1.0E-5
11001111100000010111010001111001111,1,1.0E-5
11001111100000010111011001111001111,1,1.0E-5
11001111101101101011011001111001111,1,1.0E-5
11001111101101101011110001111001111,1,1.0E-5
11001111111011000000011001111001111,2,2.0E-5
11010000001000010011010001111001111,1,1.0E-5
11010000001000010100110001111001111,4,4.0E-5
11010000001000010101001001111001111,1,1.0E-5
11010000001000010101111001111001111,1,1.0E-5
11010000001000100010000001111001111,1,1.0E-5
11010000010101101001001001111001111,1,1.0E-5
11010000010101101001010001111001111,1,1.0E-5
11010000100010111101111001111001111,2,2.0E-5
11010000110000010001110001111001111,1,1.0E-5
11010000110000010010010001111001111,1,1.0E-5
11010000111101100110110001111001111,1,1.0E-5
11010000111101100110111001111001111,3,3.0E-5
11010001001010111011010001111001111,1,1.0E-5
11010001001010111011100001111001111,1,1.0E-5
11010001001010111011101001111001111,1,1.0E-5
11010001100101100100010001111001111,1,1.0E-5
11010001110010111000100001111001111,1,1.0E-5
11010001110010111000110001111001111,1,1.0E-5
11010010000000001101010001111001111,1,1.0E-5
11010010000000001101011001111001111,5,5.0E-5
11010010000000001101100001111001111,1,1.0E-5
11010010001101100001110001111001111,1,1.0E-5
11010010001101100001111001111001111,1,1.0E-5
11010010011010110110011001111001111,4,4.0E-5
11010010101000001010001001111001111,1,1.0E-5
11010010101000001010110001111001111,1,1.0E-5
11010010101000001010111001111001111,1,1.0E-5
11010010110101011110111001111001111,1,1.0E-5
11010010110101011111010001111001111,1,1.0E-5
11010010110101011111011001111001111,1,1.0E-5
11010011000010110011111001111001111,4,4.0E-5
11010011000010110100000001111001111,1,1.0E-5
11010011010000001000001001111001111,1,1.0E-5
11010011010000001000011001111001111,4,4.0E-5
11010011011101011100011001111001111,1,1.0E-5
11010011011101011100111001111001111,3,3.0E-5
11010011101010110001001001111001111,1,1.0E-5
11010011101010110001010001111001111,2,2.0E-5
11010011101010110001011001111001111,1,1.0E-5
11010011111000000101101001111001111,1,1.0E-5
11010011111000000101111001111001111,4,4.0E-5
11010100000101011010011001111001111,1,1.0E-5
11010100010010101110110001111001111,1,1.0E-5
11010100010010101110111001111001111,2,2.0E-5
11010100100000000011011001111001111,1,1.0E-5
11010100101101010111110001111001111,2,2.0E-5
11010100101101010111111001111001111,1,1.0E-5
11010100111010101100010001111001111,1,1.0E-5
11010100111010101110000001111001111,1,1.0E-5
11010101001000000000101001111001111,1,1.0E-5
11010101001000000000110001111001111,2,2.0E-5
11010101001000000000111001111001111,1,1.0E-5
11010101100010101001111001111001111,1,1.0E-5
11010101100010101010000001111001111,1,1.0E-5
11010101111101010010110001111001111,2,2.0E-5
11010101111101010010111001111001111,3,3.0E-5
11010110001010100111011001111001111,2,2.0E-5
11010110100101001111110001111001111,1,1.0E-5
11010110110010100100111001111001111,2,2.0E-5
11010110111111111001011001111001111,1,1.0E-5
11010111001101001101111001111001111,4,4.0E-5
11010111001101001110000001111001111,1,1.0E-5
11010111011010100010011001111001111,1,1.0E-5
11010111110101001011011001111001111,1,1.0E-5
11011000000010011111110001111001111,1,1.0E-5
11011000000010011111111001111001111,2,2.0E-5
11011000001111110100011001111001111,2,2.0E-5
11011000011101001000111001111001111,6,6.0E-5
11011000101010011101011001111001111,3,3.0E-5
11011000110111110001111001111001111,4,4.0E-5
11011001000101000110001001111001111,1,1.0E-5
11011001000101000110010001111001111,2,2.0E-5
11011001000101000110011001111001111,1,1.0E-5
11011001010010011010110001111001111,1,1.0E-5
11011001010010011010111001111001111,5,5.0E-5
11011001011111101101111001111001111,1,1.0E-5
11011001011111101111011001111001111,4,4.0E-5
11011001101101000011111001111001111,4,4.0E-5
11011001111010011000011001111001111,3,3.0E-5
11011001111010011001001001111001111,1,1.0E-5
11011010010101000001010001111001111,1,1.0E-5
11011010010101000001011001111001111,6,6.0E-5
11011010100010010101111001111001111,1,1.0E-5
11011010101111101010010001111001111,1,1.0E-5
11011010101111101010011001111001111,5,5.0E-5
11011010111100111110111001111001111,4,4.0E-5
11011011001010010011011001111001111,2,2.0E-5
11011011010111100111111001111001111,6,6.0E-5
11011011100100111100011001111001111,6,6.0E-5
11011011110010010000111001111001111,2,2.0E-5
11011011111111100101011001111001111,6,6.0E-5
11011100001100111001111001111001111,7,7.0E-5
11011100001100111011001001111001111,1,1.0E-5
11011100011010001110011001111001111,4,4.0E-5
11011100100111100010111001111001111,3,3.0E-5
11011100110100110111011001111001111,1,1.0E-5
11011101000010001011111001111001111,2,2.0E-5
11011101001111100000011001111001111,1,1.0E-5
11011101011100110100111001111001111,8,8.0E-5
11011101101010001001011001111001111,6,6.0E-5
11011101110111011101111001111001111,4,4.0E-5
11011110000100110010011001111001111,2,2.0E-5
11011110010010000110111001111001111,5,5.0E-5
11011110011111011011011001111001111,4,4.0E-5
11011110101100101111111001111001111,2,2.0E-5
11011110111010000100011001111001111,2,2.0E-5
11011111000111011000111001111001111,5,5.0E-5
11011111010100101101011001111001111,6,6.0E-5
11011111100010000001111001111001111,3,3.0E-5
11011111101111010110011001111001111,3,3.0E-5
11011111111100101010111001111001111,5,5.0E-5
11100000001001111111011001111001111,1,1.0E-5
11100000010111010011111001111001111,4,4.0E-5
11100000100100101000011001111001111,6,6.0E-5
11100000110001111100111001111001111,5,5.0E-5
11100000111111010001011001111001111,2,2.0E-5
11100001001100100101111001111001111,5,5.0E-5
11100001011001111010011001111001111,6,6.0E-5
11100001100111001110111001111001111,8,8.0E-5
11100001110100100011011001111001111,2,2.0E-5
11100010000001110111111001111001111,5,5.0E-5
11100010001111001100011001111001111,4,4.0E-5
11100010011100100000111001111001111,3,3.0E-5
11100010101001110101011001111001111,2,2.0E-5
11100010110111001001111001111001111,3,3.0E-5
11100011000100011110011001111001111,6,6.0E-5
11100011010001110010111001111001111,2,2.0E-5
11100011011111000111011001111001111,2,2.0E-5
11100011101100011011111001111001111,5,5.0E-5
11100011101100011100010001111001111,1,1.0E-5
11100011111001110000011001111001111,2,2.0E-5
11100011111001110000100001111001111,1,1.0E-5
11100100000111000100111001111001111,5,5.0E-5
11100100100001101101111001111001111,7,7.0E-5
11100100101111000010011001111001111,1,1.0E-5
11100100111100010110110001111001111,1,1.0E-5
11100100111100010110111001111001111,7,7.0E-5
11100101001001101011011001111001111,7,7.0E-5
11100101010110111111110001111001111,1,1.0E-5
11100101100100010100011001111001111,6,6.0E-5
11100101100100010100101001111001111,1,1.0E-5
11100101110001101000100001111001111,1,1.0E-5
11100101110001101000110001111001111,1,1.0E-5
11100101110001101000111001111001111,1,1.0E-5
11100101110001101001000001111001111,1,1.0E-5
11100101111110111101011001111001111,4,4.0E-5
11100110001100010001111001111001111,8,8.0E-5
11100110001100010010001001111001111,1,1.0E-5
11100110011001100110011001111001111,5,5.0E-5
11100110100110111010111001111001111,5,5.0E-5
11100110110100001111011001111001111,1,1.0E-5
11100111000001100011111001111001111,5,5.0E-5
11100111000001100100000001111001111,1,1.0E-5
11100111001110111000010001111001111,1,1.0E-5
11100111001110111000011001111001111,3,3.0E-5
11100111011100001100111001111001111,4,4.0E-5
11100111101001100001011001111001111,2,2.0E-5
11100111110110110101101001111001111,1,1.0E-5
11100111110110110101111001111001111,4,4.0E-5
11101000000100001010011001111001111,3,3.0E-5
11101000000100001010100001111001111,1,1.0E-5
11101000010001011110111001111001111,2,2.0E-5
11101000011110110011011001111001111,3,3.0E-5
11101000011110110011100001111001111,2,2.0E-5
11101000011110110101001001111001111,1,1.0E-5
11101000101100000111111001111001111,6,6.0E-5
11101000111001011100011001111001111,5,5.0E-5
11101001000110110000111001111001111,1,1.0E-5
11101001010100000101011001111001111,5,5.0E-5
11101001010100000101100001111001111,1,1.0E-5
11101001100001011001111001111001111,3,3.0E-5
11101001100001011010100001111001111,1,1.0E-5
11101001100001011011010001111001111,1,1.0E-5
11101001101110101110001001111001111,1,1.0E-5
11101001101110101110011001111001111,6,6.0E-5
11101001111100000010111001111001111,1,1.0E-5
11101010001001010111011001111001111,1,1.0E-5
11101010010110101011101001111001111,1,1.0E-5
11101010010110101011111001111001111,4,4.0E-5
11101010010110101100000001111001111,1,1.0E-5
11101010100100000000011001111001111,5,5.0E-5
11101010110001010100111001111001111,3,3.0E-5
11101010111110101001010001111001111,1,1.0E-5
11101010111110101001011001111001111,6,6.0E-5
11101011001011111101111001111001111,4,4.0E-5
11101011001011111110001001111001111,1,1.0E-5
11101011011001010010011001111001111,3,3.0E-5
11101011011001010010110001111001111,1,1.0E-5
11101011100110100110110001111001111,1,1.0E-5
11101011100110100111000001111001111,2,2.0E-5
11101011110011111011011001111001111,2,2.0E-5
11101011110011111011100001111001111,1,1.0E-5
11101011110100001110101001111001111,1,1.0E-5
11101100001110100100011001111001111,2,2.0E-5
11101100001110100101100001111001111,1,1.0E-5
11101100011011111000110001111001111,1,1.0E-5
11101100011011111000111001111001111,3,3.0E-5
11101100011011111001001001111001111,1,1.0E-5
11101100101001001101010001111001111,1,1.0E-5
11101100101001001101011001111001111,2,2.0E-5
11101100101001001101100001111001111,3,3.0E-5
11101100110110100001110001111001111,1,1.0E-5
11101100110110100001111001111001111,2,2.0E-5
11101100110110100010000001111001111,1,1.0E-5
11101101000011110110010001111001111,1,1.0E-5
11101101010001001010111001111001111,4,4.0E-5
11101101010001001011000001111001111,1,1.0E-5
11101101011110011111011001111001111,2,2.0E-5
11101101011110011111100001111001111,1,1.0E-5
11101101101011110010110001111001111,1,1.0E-5
11101101101011110011111001111001111,3,3.0E-5
11101101101011110100000001111001111,1,1.0E-5
11101101111001001000011001111001111,4,4.0E-5
11101101111001001000100001111001111,1,1.0E-5
11101110000110011100100001111001111,1,1.0E-5
11101110000110011100111001111001111,1,1.0E-5
11101110010011110001011001111001111,1,1.0E-5
11101110010011110001100001111001111,3,3.0E-5
11101110100001000101111001111001111,2,2.0E-5
11101110100001000110000001111001111,1,1.0E-5
11101110101110011010011001111001111,1,1.0E-5
11101110101110011010100001111001111,2,2.0E-5
11101110111011101110111001111001111,4,4.0E-5
11101111001001000011100001111001111,2,2.0E-5
11101111010110010111111001111001111,3,3.0E-5
11101111010110011000000001111001111,1,1.0E-5
11101111100011101100011001111001111,1,1.0E-5
11101111100011101100100001111001111,1,1.0E-5
11101111100011101100101001111001111,1,1.0E-5
11101111110001000000111001111001111,2,2.0E-5
11101111110001000001001001111001111,1,1.0E-5
11101111111110010100111001111001111,1,1.0E-5
11101111111110010101011001111001111,1,1.0E-5
11101111111110010101100001111001111,2,2.0E-5
11110000001011101001110001111001111,1,1.0E-5
11110000001011101010000001111001111,3,3.0E-5
11110000011000111110011001111001111,1,1.0E-5
11110000011000111110100001111001111,1,1.0E-5
11110000100110010010010001111001111,1,1.0E-5
11110000100110010010111001111001111,2,2.0E-5
11110000100110010011000001111001111,2,2.0E-5
11110000100110010110001001111001111,1,1.0E-5
11110000110011100111011001111001111,1,1.0E-5
11110000110011100111100001111001111,1,1.0E-5
11110001000000111100000001111001111,3,3.0E-5
11110001000000111100011001111001111,1,1.0E-5
11110001001110001111011001111001111,1,1.0E-5
11110001011011100100111001111001111,2,2.0E-5
11110001011011100101000001111001111,3,3.0E-5
11110001011011100101001001111001111,1,1.0E-5
11110001011011100101010001111001111,1,1.0E-5
11110001101000111001000001111001111,1,1.0E-5
11110001101000111001100001111001111,3,3.0E-5
11110001110110001101111001111001111,3,3.0E-5
11110001110110001110001001111001111,1,1.0E-5
11110001110110010000111001111001111,1,1.0E-5
11110010000011100010011001111001111,2,2.0E-5
11110010000011100010100001111001111,2,2.0E-5
11110010010000110110111001111001111,2,2.0E-5
11110010010000110111000001111001111,1,1.0E-5
11110010010000110111001001111001111,1,1.0E-5
11110010010000110111011001111001111,1,1.0E-5
11110010011110001011010001111001111,1,1.0E-5
11110010011110001011100001111001111,4,4.0E-5
11110010101011100000000001111001111,1,1.0E-5
11110010111000110100100001111001111,1,1.0E-5
11110010111000110100110001111001111,1,1.0E-5
11110011000110001001000001111001111,3,3.0E-5
11110011010011011101011001111001111,2,2.0E-5
11110011010011011101100001111001111,6,6.0E-5
11110011100000110001111001111001111,1,1.0E-5
11110011100000110010000001111001111,4,4.0E-5
11110011101110000110011001111001111,2,2.0E-5
11110011101110000110100001111001111,4,4.0E-5
11110011101110000110110001111001111,1,1.0E-5
11110011111011011011000001111001111,2,2.0E-5
11110011111011011011001001111001111,1,1.0E-5
11110100001000101111011001111001111,2,2.0E-5
11110100001000101111100001111001111,1,1.0E-5
11110100010110000100000001111001111,4,4.0E-5
11110100100011011000010001111001111,1,1.0E-5
11110100100011011000100001111001111,2,2.0E-5
11110100110000101100111001111001111,1,1.0E-5
11110100110000101101000001111001111,4,4.0E-5
11110100111110000001011001111001111,2,2.0E-5
11110100111110000001100001111001111,3,3.0E-5
11110101001011010101101001111001111,1,1.0E-5
11110101001011010110000001111001111,1,1.0E-5
11110101011000101010100001111001111,4,4.0E-5
11110101100101111111000001111001111,2,2.0E-5
11110101110011010001101001111001111,1,1.0E-5
11110101110011010010011001111001111,1,1.0E-5
11110101110011010011100001111001111,3,3.0E-5
11110110000000101000000001111001111,2,2.0E-5
11110110000000101000001001111001111,1,1.0E-5
11110110000000101000100001111001111,1,1.0E-5
11110110001101111100000001111001111,1,1.0E-5
11110110001101111100010001111001111,1,1.0E-5
11110110001101111100011001111001111,1,1.0E-5
11110110001101111100100001111001111,5,5.0E-5
11110110011011010000111001111001111,1,1.0E-5
11110110011011010001000001111001111,2,2.0E-5
11110110101000100101100001111001111,1,1.0E-5
11110110110101111001111001111001111,2,2.0E-5
11110110110101111010000001111001111,2,2.0E-5
11110111000011001110100001111001111,5,5.0E-5
11110111000011001110101001111001111,1,1.0E-5
11110111010000100011000001111001111,1,1.0E-5
11110111011101110111011001111001111,2,2.0E-5
11110111011101110111100001111001111,1,1.0E-5
11110111101011001011111001111001111,1,1.0E-5
11110111111000100000100001111001111,2,2.0E-5
11111000000101110100010001111001111,1,1.0E-5
11111000000101110101000001111001111,5,5.0E-5
11111000000101110101010001111001111,1,1.0E-5
11111000010011001001011001111001111,1,1.0E-5
11111000010011001001100001111001111,3,3.0E-5
11111000100000011110000001111001111,2,2.0E-5
11111000101101110010100001111001111,8,8.0E-5
11111000111011000111000001111001111,1,1.0E-5
11111001001000011011100001111001111,2,2.0E-5
11111001010101101111111001111001111,1,1.0E-5
11111001010101110000000001111001111,3,3.0E-5
11111001011111100110110001111001111,1,1.0E-5
11111001100011000100100001111001111,2,2.0E-5
11111001110000011001000001111001111,7,7.0E-5
11111001111101101101100001111001111,1,1.0E-5
11111010001011000010000001111001111,2,2.0E-5
11111010011000010110011001111001111,1,1.0E-5
11111010011000010110100001111001111,9,9.0E-5
11111010100101101011000001111001111,2,2.0E-5
11111010100101101011001001111001111,1,1.0E-5
11111010110010111111100001111001111,3,3.0E-5
11111011000000010100000001111001111,5,5.0E-5
11111011001101101000100001111001111,3,3.0E-5
11111011011010111101000001111001111,2,2.0E-5
11111011101000010001100001111001111,5,5.0E-5
11111011110101100110000001111001111,5,5.0E-5
11111100000010111010100001111001111,2,2.0E-5
11111100010000001111000001111001111,2,2.0E-5
11111100011101100011100001111001111,4,4.0E-5
11111100101010111000000001111001111,4,4.0E-5
11111100101010111001010001111001111,1,1.0E-5
11111100111000001100100001111001111,5,5.0E-5
11111101000101100001000001111001111,2,2.0E-5
11111101010010110101100001111001111,7,7.0E-5
11111101100000001010000001111001111,1,1.0E-5
11111101101101011110100001111001111,4,4.0E-5
11111101111010110011000001111001111,3,3.0E-5
11111110001000000111100001111001111,1,1.0E-5
11111110010101011100000001111001111,5,5.0E-5
11111110100010110000100001111001111,8,8.0E-5
11111110110000000101000001111001111,2,2.0E-5
11111110111101011001100001111001111,5,5.0E-5
11111111001010101110000001111001111,5,5.0E-5
11111111011000000010100001111001111,3,3.0E-5
11111111100101010111000001111001111,3,3.0E-5
11111111110010101011100001111001111,4,4.0E-5
